<?xml version="1.0" encoding="UTF-8"?>
<robot generator="Robot 7.0 (Python 3.11.1 on win32)" generated="2024-02-09T21:43:46.099547" rpa="false" schemaversion="5">
<suite id="s1" name="AutomatizaTestesAPI" source="C:\Users\silviaz\OneDrive\Documentos\repositorios\AutomatizaTestesAPI">
<suite id="s1-s1" name="Booking" source="C:\Users\silviaz\OneDrive\Documentos\repositorios\AutomatizaTestesAPI\booking.robot">
<test id="s1-s1-t1" name="TC 3: obter reserva por ID" line="11">
<kw name="GET /booking" owner="common">
<kw name="GET" owner="RequestsLibrary">
<msg time="2024-02-09T21:43:47.217202" level="INFO">GET Request : url=https://restful-booker.herokuapp.com/booking 
 path_url=/booking 
 headers={'User-Agent': 'python-requests/2.31.0', 'Accept-Encoding': 'gzip, deflate', 'Accept': '*/*', 'Connection': 'keep-alive'} 
 body=None 
 </msg>
<msg time="2024-02-09T21:43:47.218198" level="INFO">GET Response : url=https://restful-booker.herokuapp.com/booking 
 status=200, reason=OK 
 headers={'Server': 'Cowboy', 'Report-To': '{"group":"heroku-nel","max_age":3600,"endpoints":[{"url":"https://nel.heroku.com/reports?ts=1707515027&amp;sid=c46efe9b-d3d2-4a0c-8c76-bfafa16c5add&amp;s=WRTgc1PjdOUIrvATZ0nATvo7wC35sKiX9QrZXY7KduY%3D"}]}', 'Reporting-Endpoints': 'heroku-nel=https://nel.heroku.com/reports?ts=1707515027&amp;sid=c46efe9b-d3d2-4a0c-8c76-bfafa16c5add&amp;s=WRTgc1PjdOUIrvATZ0nATvo7wC35sKiX9QrZXY7KduY%3D', 'Nel': '{"report_to":"heroku-nel","max_age":3600,"success_fraction":0.005,"failure_fraction":0.05,"response_headers":["Via"]}', 'Connection': 'keep-alive', 'X-Powered-By': 'Express', 'Content-Type': 'application/json; charset=utf-8', 'Content-Length': '22274', 'Etag': 'W/"5702-wm0+I5B9V96B81LOebg0lZW01T0"', 'Date': 'Fri, 09 Feb 2024 21:43:47 GMT', 'Via': '1.1 vegur'} 
 body=[{"bookingid":1420},{"bookingid":1088},{"bookingid":1502},{"bookingid":42},{"bookingid":523},{"bookingid":1058},{"bookingid":284},{"bookingid":191},{"bookingid":1211},{"bookingid":827},{"bookingid":265},{"bookingid":1003},{"bookingid":729},{"bookingid":654},{"bookingid":652},{"bookingid":905},{"bookingid":1194},{"bookingid":292},{"bookingid":1587},{"bookingid":628},{"bookingid":1493},{"bookingid":872},{"bookingid":1037},{"bookingid":433},{"bookingid":1011},{"bookingid":566},{"bookingid":1475},{"bookingid":1617},{"bookingid":1293},{"bookingid":942},{"bookingid":1385},{"bookingid":613},{"bookingid":1284},{"bookingid":1515},{"bookingid":76},{"bookingid":985},{"bookingid":1275},{"bookingid":43},{"bookingid":1406},{"bookingid":859},{"bookingid":1388},{"bookingid":763},{"bookingid":929},{"bookingid":355},{"bookingid":506},{"bookingid":1005},{"bookingid":664},{"bookingid":1008},{"bookingid":1200},{"bookingid":1100},{"bookingid":1328},{"bookingid":687},{"bookingid":212},{"bookingid":1432},{"bookingid":1068},{"bookingid":1212},{"bookingid":251},{"bookingid":1523},{"bookingid":1696},{"bookingid":277},{"bookingid":65},{"bookingid":700},{"bookingid":146},{"bookingid":590},{"bookingid":860},{"bookingid":1567},{"bookingid":150},{"bookingid":469},{"bookingid":1076},{"bookingid":1665},{"bookingid":1481},{"bookingid":1178},{"bookingid":59},{"bookingid":1080},{"bookingid":1490},{"bookingid":1614},{"bookingid":1600},{"bookingid":849},{"bookingid":1633},{"bookingid":389},{"bookingid":118},{"bookingid":80},{"bookingid":1565},{"bookingid":921},{"bookingid":1693},{"bookingid":1060},{"bookingid":156},{"bookingid":495},{"bookingid":400},{"bookingid":983},{"bookingid":1426},{"bookingid":1097},{"bookingid":1025},{"bookingid":412},{"bookingid":1292},{"bookingid":1217},{"bookingid":834},{"bookingid":885},{"bookingid":915},{"bookingid":711},{"bookingid":1105},{"bookingid":259},{"bookingid":1137},{"bookingid":1184},{"bookingid":410},{"bookingid":739},{"bookingid":1103},{"bookingid":1055},{"bookingid":1024},{"bookingid":232},{"bookingid":843},{"bookingid":115},{"bookingid":1066},{"bookingid":3},{"bookingid":998},{"bookingid":1310},{"bookingid":550},{"bookingid":532},{"bookingid":473},{"bookingid":4},{"bookingid":1154},{"bookingid":519},{"bookingid":494},{"bookingid":557},{"bookingid":1635},{"bookingid":596},{"bookingid":1704},{"bookingid":307},{"bookingid":110},{"bookingid":1519},{"bookingid":407},{"bookingid":167},{"bookingid":90},{"bookingid":367},{"bookingid":922},{"bookingid":69},{"bookingid":476},{"bookingid":775},{"bookingid":1305},{"bookingid":238},{"bookingid":565},{"bookingid":771},{"bookingid":678},{"bookingid":1353},{"bookingid":75},{"bookingid":858},{"bookingid":619},{"bookingid":1002},{"bookingid":1528},{"bookingid":1125},{"bookingid":681},{"bookingid":581},{"bookingid":1046},{"bookingid":1139},{"bookingid":997},{"bookingid":841},{"bookingid":1671},{"bookingid":1019},{"bookingid":1656},{"bookingid":1712},{"bookingid":1067},{"bookingid":1435},{"bookingid":1446},{"bookingid":1012},{"bookingid":992},{"bookingid":791},{"bookingid":840},{"bookingid":923},{"bookingid":1227},{"bookingid":1583},{"bookingid":993},{"bookingid":1332},{"bookingid":1107},{"bookingid":114},{"bookingid":1372},{"bookingid":1620},{"bookingid":895},{"bookingid":84},{"bookingid":246},{"bookingid":1016},{"bookingid":129},{"bookingid":1697},{"bookingid":503},{"bookingid":1489},{"bookingid":272},{"bookingid":696},{"bookingid":1197},{"bookingid":1605},{"bookingid":1213},{"bookingid":160},{"bookingid":1596},{"bookingid":1191},{"bookingid":901},{"bookingid":610},{"bookingid":1589},{"bookingid":1017},{"bookingid":1628},{"bookingid":375},{"bookingid":1114},{"bookingid":573},{"bookingid":52},{"bookingid":1591},{"bookingid":1324},{"bookingid":1298},{"bookingid":1413},{"bookingid":421},{"bookingid":230},{"bookingid":94},{"bookingid":378},{"bookingid":311},{"bookingid":1233},{"bookingid":805},{"bookingid":359},{"bookingid":648},{"bookingid":1553},{"bookingid":870},{"bookingid":990},{"bookingid":889},{"bookingid":1018},{"bookingid":1151},{"bookingid":32},{"bookingid":499},{"bookingid":1595},{"bookingid":351},{"bookingid":1365},{"bookingid":1562},{"bookingid":1736},{"bookingid":756},{"bookingid":780},{"bookingid":321},{"bookingid":1479},{"bookingid":326},{"bookingid":1163},{"bookingid":939},{"bookingid":298},{"bookingid":1006},{"bookingid":18},{"bookingid":99},{"bookingid":1338},{"bookingid":496},{"bookingid":1344},{"bookingid":1256},{"bookingid":481},{"bookingid":1131},{"bookingid":6},{"bookingid":690},{"bookingid":234},{"bookingid":488},{"bookingid":425},{"bookingid":448},{"bookingid":1465},{"bookingid":10},{"bookingid":593},{"bookingid":1368},{"bookingid":315},{"bookingid":1728},{"bookingid":30},{"bookingid":1383},{"bookingid":1121},{"bookingid":1115},{"bookingid":585},{"bookingid":164},{"bookingid":592},{"bookingid":258},{"bookingid":1721},{"bookingid":1543},{"bookingid":374},{"bookingid":1291},{"bookingid":1574},{"bookingid":470},{"bookingid":268},{"bookingid":853},{"bookingid":93},{"bookingid":1051},{"bookingid":121},{"bookingid":766},{"bookingid":213},{"bookingid":749},{"bookingid":392},{"bookingid":1404},{"bookingid":814},{"bookingid":856},{"bookingid":1532},{"bookingid":970},{"bookingid":1090},{"bookingid":285},{"bookingid":79},{"bookingid":1032},{"bookingid":582},{"bookingid":928},{"bookingid":219},{"bookingid":1228},{"bookingid":418},{"bookingid":549},{"bookingid":850},{"bookingid":765},{"bookingid":1117},{"bookingid":1027},{"bookingid":1509},{"bookingid":429},{"bookingid":879},{"bookingid":88},{"bookingid":1658},{"bookingid":1061},{"bookingid":1376},{"bookingid":1409},{"bookingid":1652},{"bookingid":270},{"bookingid":688},{"bookingid":1644},{"bookingid":1111},{"bookingid":1719},{"bookingid":640},{"bookingid":1669},{"bookingid":629},{"bookingid":1412},{"bookingid":1447},{"bookingid":162},{"bookingid":1237},{"bookingid":360},{"bookingid":1240},{"bookingid":865},{"bookingid":569},{"bookingid":1586},{"bookingid":572},{"bookingid":345},{"bookingid":444},{"bookingid":1599},{"bookingid":430},{"bookingid":1262},{"bookingid":1637},{"bookingid":555},{"bookingid":31},{"bookingid":1559},{"bookingid":802},{"bookingid":420},{"bookingid":1236},{"bookingid":1198},{"bookingid":668},{"bookingid":1594},{"bookingid":1698},{"bookingid":1423},{"bookingid":1265},{"bookingid":750},{"bookingid":514},{"bookingid":413},{"bookingid":134},{"bookingid":1340},{"bookingid":333},{"bookingid":543},{"bookingid":1374},{"bookingid":269},{"bookingid":117},{"bookingid":1312},{"bookingid":1089},{"bookingid":1685},{"bookingid":1161},{"bookingid":838},{"bookingid":999},{"bookingid":492},{"bookingid":424},{"bookingid":1133},{"bookingid":902},{"bookingid":1529},{"bookingid":864},{"bookingid":53},{"bookingid":1421},{"bookingid":1436},{"bookingid":562},{"bookingid":1691},{"bookingid":1248},{"bookingid":1221},{"bookingid":227},{"bookingid":1369},{"bookingid":200},{"bookingid":97},{"bookingid":1038},{"bookingid":1651},{"bookingid":1270},{"bookingid":1360},{"bookingid":85},{"bookingid":278},{"bookingid":1356},{"bookingid":1639},{"bookingid":1573},{"bookingid":1255},{"bookingid":487},{"bookingid":960},{"bookingid":1650},{"bookingid":309},{"bookingid":343},{"bookingid":959},{"bookingid":257},{"bookingid":621},{"bookingid":66},{"bookingid":508},{"bookingid":964},{"bookingid":537},{"bookingid":382},{"bookingid":982},{"bookingid":1394},{"bookingid":1672},{"bookingid":745},{"bookingid":1512},{"bookingid":77},{"bookingid":249},{"bookingid":260},{"bookingid":1478},{"bookingid":1449},{"bookingid":782},{"bookingid":657},{"bookingid":1030},{"bookingid":1602},{"bookingid":614},{"bookingid":896},{"bookingid":713},{"bookingid":1363},{"bookingid":708},{"bookingid":1401},{"bookingid":1203},{"bookingid":1150},{"bookingid":1566},{"bookingid":634},{"bookingid":457},{"bookingid":1673},{"bookingid":1127},{"bookingid":1302},{"bookingid":518},{"bookingid":170},{"bookingid":722},{"bookingid":1359},{"bookingid":790},{"bookingid":689},{"bookingid":1726},{"bookingid":1464},{"bookingid":873},{"bookingid":682},{"bookingid":816},{"bookingid":414},{"bookingid":831},{"bookingid":1345},{"bookingid":48},{"bookingid":862},{"bookingid":500},{"bookingid":1036},{"bookingid":1571},{"bookingid":616},{"bookingid":1472},{"bookingid":1306},{"bookingid":812},{"bookingid":443},{"bookingid":574},{"bookingid":184},{"bookingid":256},{"bookingid":820},{"bookingid":1459},{"bookingid":477},{"bookingid":453},{"bookingid":701},{"bookingid":907},{"bookingid":706},{"bookingid":155},{"bookingid":762},{"bookingid":1590},{"bookingid":1686},{"bookingid":1692},{"bookingid":910},{"bookingid":947},{"bookingid":522},{"bookingid":74},{"bookingid":14},{"bookingid":732},{"bookingid":17},{"bookingid":344},{"bookingid":1402},{"bookingid":1676},{"bookingid":1442},{"bookingid":180},{"bookingid":438},{"bookingid":401},{"bookingid":1538},{"bookingid":362},{"bookingid":380},{"bookingid":64},{"bookingid":693},{"bookingid":194},{"bookingid":19},{"bookingid":1568},{"bookingid":1224},{"bookingid":403},{"bookingid":1028},{"bookingid":1189},{"bookingid":1417},{"bookingid":1214},{"bookingid":1168},{"bookingid":439},{"bookingid":123},{"bookingid":544},{"bookingid":1042},{"bookingid":83},{"bookingid":1554},{"bookingid":795},{"bookingid":1535},{"bookingid":196},{"bookingid":215},{"bookingid":1072},{"bookingid":632},{"bookingid":1188},{"bookingid":39},{"bookingid":95},{"bookingid":1243},{"bookingid":1278},{"bookingid":551},{"bookingid":1225},{"bookingid":1482},{"bookingid":254},{"bookingid":1094},{"bookingid":61},{"bookingid":55},{"bookingid":888},{"bookingid":1185},{"bookingid":60},{"bookingid":35},{"bookingid":1508},{"bookingid":793},{"bookingid":497},{"bookingid":1469},{"bookingid":847},{"bookingid":1428},{"bookingid":760},{"bookingid":1384},{"bookingid":548},{"bookingid":663},{"bookingid":188},{"bookingid":474},{"bookingid":1280},{"bookingid":1534},{"bookingid":927},{"bookingid":372},{"bookingid":527},{"bookingid":1724},{"bookingid":128},{"bookingid":395},{"bookingid":1329},{"bookingid":290}... (set the log level to DEBUG or TRACE to see the full content) 
 </msg>
<msg time="2024-02-09T21:43:47.222111" level="INFO">${response} = &lt;Response [200]&gt;</msg>
<var>${response}</var>
<arg>url=${BASE_URL}/booking</arg>
<doc>Sends a GET request.</doc>
<status status="PASS" start="2024-02-09T21:43:46.492497" elapsed="0.730614"/>
</kw>
<return>
<value>${response}</value>
<status status="PASS" start="2024-02-09T21:43:47.223111" elapsed="0.000999"/>
</return>
<msg time="2024-02-09T21:43:47.225112" level="INFO">${response} = &lt;Response [200]&gt;</msg>
<var>${response}</var>
<status status="PASS" start="2024-02-09T21:43:46.491495" elapsed="0.734615"/>
</kw>
<kw name="Select Random BookingId From Json" owner="common">
<kw name="Evaluate" owner="BuiltIn">
<msg time="2024-02-09T21:43:47.233112" level="INFO">${bookingid} = 1561</msg>
<var>${bookingid}</var>
<arg>random.choice($response.json())['bookingid']</arg>
<arg>modules=random</arg>
<doc>Evaluates the given expression in Python and returns the result.</doc>
<status status="PASS" start="2024-02-09T21:43:47.229225" elapsed="0.003887"/>
</kw>
<return>
<value>${bookingid}</value>
<status status="PASS" start="2024-02-09T21:43:47.233112" elapsed="0.000998"/>
</return>
<msg time="2024-02-09T21:43:47.234110" level="INFO">${id} = 1561</msg>
<var>${id}</var>
<arg>${response}</arg>
<status status="PASS" start="2024-02-09T21:43:47.227112" elapsed="0.006998"/>
</kw>
<kw name="GET /booking/${id}" owner="common" source_name="GET /booking/${id}">
<kw name="GET" owner="RequestsLibrary">
<msg time="2024-02-09T21:43:47.823974" level="INFO">GET Request : url=https://restful-booker.herokuapp.com/booking/1561 
 path_url=/booking/1561 
 headers={'User-Agent': 'python-requests/2.31.0', 'Accept-Encoding': 'gzip, deflate', 'Accept': '*/*', 'Connection': 'keep-alive'} 
 body=None 
 </msg>
<msg time="2024-02-09T21:43:47.824986" level="INFO">GET Response : url=https://restful-booker.herokuapp.com/booking/1561 
 status=200, reason=OK 
 headers={'Server': 'Cowboy', 'Report-To': '{"group":"heroku-nel","max_age":3600,"endpoints":[{"url":"https://nel.heroku.com/reports?ts=1707515027&amp;sid=c46efe9b-d3d2-4a0c-8c76-bfafa16c5add&amp;s=WRTgc1PjdOUIrvATZ0nATvo7wC35sKiX9QrZXY7KduY%3D"}]}', 'Reporting-Endpoints': 'heroku-nel=https://nel.heroku.com/reports?ts=1707515027&amp;sid=c46efe9b-d3d2-4a0c-8c76-bfafa16c5add&amp;s=WRTgc1PjdOUIrvATZ0nATvo7wC35sKiX9QrZXY7KduY%3D', 'Nel': '{"report_to":"heroku-nel","max_age":3600,"success_fraction":0.005,"failure_fraction":0.05,"response_headers":["Via"]}', 'Connection': 'keep-alive', 'X-Powered-By': 'Express', 'Content-Type': 'application/json; charset=utf-8', 'Content-Length': '171', 'Etag': 'W/"ab-MG4aCOdqq15ogV4Uqb+rfjZOkQk"', 'Date': 'Fri, 09 Feb 2024 21:43:47 GMT', 'Via': '1.1 vegur'} 
 body={"firstname":"Josh","lastname":"Allen","totalprice":111,"depositpaid":true,"bookingdates":{"checkin":"2018-01-01","checkout":"2019-01-01"},"additionalneeds":"super bowls"} 
 </msg>
<msg time="2024-02-09T21:43:47.824986" level="INFO">${response} = &lt;Response [200]&gt;</msg>
<var>${response}</var>
<arg>url=${BASE_URL}/booking/${id}</arg>
<doc>Sends a GET request.</doc>
<status status="PASS" start="2024-02-09T21:43:47.237107" elapsed="0.587879"/>
</kw>
<return>
<value>${response}</value>
<status status="PASS" start="2024-02-09T21:43:47.825987" elapsed="0.001040"/>
</return>
<msg time="2024-02-09T21:43:47.827027" level="INFO">${response} = &lt;Response [200]&gt;</msg>
<var>${response}</var>
<status status="PASS" start="2024-02-09T21:43:47.236106" elapsed="0.591876"/>
</kw>
<status status="PASS" start="2024-02-09T21:43:46.490495" elapsed="1.339484"/>
</test>
<status status="PASS" start="2024-02-09T21:43:46.224629" elapsed="1.609343"/>
</suite>
<status status="PASS" start="2024-02-09T21:43:46.106008" elapsed="1.733967"/>
</suite>
<statistics>
<total>
<stat pass="1" fail="0" skip="0">All Tests</stat>
</total>
<tag>
</tag>
<suite>
<stat pass="1" fail="0" skip="0" id="s1" name="AutomatizaTestesAPI">AutomatizaTestesAPI</stat>
<stat pass="1" fail="0" skip="0" id="s1-s1" name="Booking">AutomatizaTestesAPI.Booking</stat>
</suite>
</statistics>
<errors>
</errors>
</robot>
