<?xml version="1.0" encoding="UTF-8"?>
<robot generator="Robot 7.0 (Python 3.11.1 on win32)" generated="2024-02-11T21:30:04.242834" rpa="false" schemaversion="5">
<suite id="s1" name="AutomatizaTestesAPI" source="C:\Users\silviaz\OneDrive\Documentos\repositorios\AutomatizaTestesAPI">
<suite id="s1-s1" name="Booking" source="C:\Users\silviaz\OneDrive\Documentos\repositorios\AutomatizaTestesAPI\booking.robot">
<test id="s1-s1-t1" name="TC7: deletar reserva" line="76">
<kw name="Wrapper POST /auth" owner="common" type="SETUP">
<kw name="POST /auth" owner="common">
<kw name="Load Json From File" owner="JSONLibrary">
<msg time="2024-02-11T21:30:04.546062" level="INFO">${body} = {'username': 'admin', 'password': 'password123'}</msg>
<var>${body}</var>
<arg>${PAYLOAD_DIR}${/}${filename}</arg>
<doc>Load JSON from file.</doc>
<status status="PASS" start="2024-02-11T21:30:04.545054" elapsed="0.001008"/>
</kw>
<kw name="POST" owner="RequestsLibrary">
<msg time="2024-02-11T21:30:05.103993" level="INFO">POST Request : url=https://restful-booker.herokuapp.com/auth 
 path_url=/auth 
 headers={'User-Agent': 'python-requests/2.31.0', 'Accept-Encoding': 'gzip, deflate', 'Accept': '*/*', 'Connection': 'keep-alive', 'Content-Length': '48', 'Content-Type': 'application/json'} 
 body=b'{"username": "admin", "password": "password123"}' 
 </msg>
<msg time="2024-02-11T21:30:05.105004" level="INFO">POST Response : url=https://restful-booker.herokuapp.com/auth 
 status=200, reason=OK 
 headers={'Server': 'Cowboy', 'Report-To': '{"group":"heroku-nel","max_age":3600,"endpoints":[{"url":"https://nel.heroku.com/reports?ts=1707686998&amp;sid=c46efe9b-d3d2-4a0c-8c76-bfafa16c5add&amp;s=Y9XfgeAkv%2BHw0EG%2BGBqHEscIYhua2PFyvL1JbIbw6wU%3D"}]}', 'Reporting-Endpoints': 'heroku-nel=https://nel.heroku.com/reports?ts=1707686998&amp;sid=c46efe9b-d3d2-4a0c-8c76-bfafa16c5add&amp;s=Y9XfgeAkv%2BHw0EG%2BGBqHEscIYhua2PFyvL1JbIbw6wU%3D', 'Nel': '{"report_to":"heroku-nel","max_age":3600,"success_fraction":0.005,"failure_fraction":0.05,"response_headers":["Via"]}', 'Connection': 'keep-alive', 'X-Powered-By': 'Express', 'Content-Type': 'application/json; charset=utf-8', 'Content-Length': '27', 'Etag': 'W/"1b-x+TIQyFPXE7GzdzNlCMR+kd69dY"', 'Date': 'Sun, 11 Feb 2024 21:29:58 GMT', 'Via': '1.1 vegur'} 
 body={"token":"1d46aa96739a46e"} 
 </msg>
<msg time="2024-02-11T21:30:05.105004" level="INFO">${response} = &lt;Response [200]&gt;</msg>
<var>${response}</var>
<arg>url=${BASE_URL}/auth</arg>
<arg>json=${body}</arg>
<doc>Sends a POST request.</doc>
<status status="PASS" start="2024-02-11T21:30:04.547054" elapsed="0.557950"/>
</kw>
<return>
<value>${response}</value>
<status status="PASS" start="2024-02-11T21:30:05.106003" elapsed="0.001001"/>
</return>
<msg time="2024-02-11T21:30:05.107004" level="INFO">${response} = &lt;Response [200]&gt;</msg>
<var>${response}</var>
<arg>PostAuthValid.json</arg>
<status status="PASS" start="2024-02-11T21:30:04.544048" elapsed="0.563942"/>
</kw>
<kw name="Set Variable" owner="BuiltIn">
<msg time="2024-02-11T21:30:05.111998" level="INFO">${TOKEN} = 1d46aa96739a46e</msg>
<var>${TOKEN}</var>
<arg>${response.json()}[token]</arg>
<doc>Returns the given values which can then be assigned to a variables.</doc>
<status status="PASS" start="2024-02-11T21:30:05.108993" elapsed="0.004000"/>
</kw>
<kw name="Set Test Variable" owner="BuiltIn">
<msg time="2024-02-11T21:30:05.115991" level="INFO">${TOKEN} = 1d46aa96739a46e</msg>
<arg>${TOKEN}</arg>
<doc>Makes a variable available everywhere within the scope of the current test.</doc>
<status status="PASS" start="2024-02-11T21:30:05.113994" elapsed="0.001997"/>
</kw>
<status status="PASS" start="2024-02-11T21:30:04.543041" elapsed="0.573948"/>
</kw>
<kw name="GET /booking" owner="common">
<kw name="GET" owner="RequestsLibrary">
<msg time="2024-02-11T21:30:05.676991" level="INFO">GET Request : url=https://restful-booker.herokuapp.com/booking 
 path_url=/booking 
 headers={'User-Agent': 'python-requests/2.31.0', 'Accept-Encoding': 'gzip, deflate', 'Accept': '*/*', 'Connection': 'keep-alive'} 
 body=None 
 </msg>
<msg time="2024-02-11T21:30:05.679094" level="INFO">GET Response : url=https://restful-booker.herokuapp.com/booking 
 status=200, reason=OK 
 headers={'Server': 'Cowboy', 'Report-To': '{"group":"heroku-nel","max_age":3600,"endpoints":[{"url":"https://nel.heroku.com/reports?ts=1707686998&amp;sid=c46efe9b-d3d2-4a0c-8c76-bfafa16c5add&amp;s=Y9XfgeAkv%2BHw0EG%2BGBqHEscIYhua2PFyvL1JbIbw6wU%3D"}]}', 'Reporting-Endpoints': 'heroku-nel=https://nel.heroku.com/reports?ts=1707686998&amp;sid=c46efe9b-d3d2-4a0c-8c76-bfafa16c5add&amp;s=Y9XfgeAkv%2BHw0EG%2BGBqHEscIYhua2PFyvL1JbIbw6wU%3D', 'Nel': '{"report_to":"heroku-nel","max_age":3600,"success_fraction":0.005,"failure_fraction":0.05,"response_headers":["Via"]}', 'Connection': 'keep-alive', 'X-Powered-By': 'Express', 'Content-Type': 'application/json; charset=utf-8', 'Content-Length': '59726', 'Etag': 'W/"e94e-HXw9kw1ql4mFFQat4Vxrhusgtfk"', 'Date': 'Sun, 11 Feb 2024 21:29:58 GMT', 'Via': '1.1 vegur'} 
 body=[{"bookingid":1472},{"bookingid":22},{"bookingid":1670},{"bookingid":906},{"bookingid":2342},{"bookingid":1662},{"bookingid":3413},{"bookingid":3306},{"bookingid":1635},{"bookingid":3878},{"bookingid":53},{"bookingid":3735},{"bookingid":2276},{"bookingid":4037},{"bookingid":1309},{"bookingid":1112},{"bookingid":4287},{"bookingid":1854},{"bookingid":2840},{"bookingid":516},{"bookingid":3347},{"bookingid":2705},{"bookingid":1691},{"bookingid":3593},{"bookingid":2011},{"bookingid":4425},{"bookingid":2910},{"bookingid":375},{"bookingid":427},{"bookingid":3214},{"bookingid":345},{"bookingid":2730},{"bookingid":1511},{"bookingid":3800},{"bookingid":2067},{"bookingid":252},{"bookingid":2052},{"bookingid":321},{"bookingid":4616},{"bookingid":2375},{"bookingid":1489},{"bookingid":1214},{"bookingid":3810},{"bookingid":2114},{"bookingid":2478},{"bookingid":3480},{"bookingid":2504},{"bookingid":3208},{"bookingid":2261},{"bookingid":588},{"bookingid":3289},{"bookingid":1657},{"bookingid":254},{"bookingid":998},{"bookingid":775},{"bookingid":2259},{"bookingid":2759},{"bookingid":4453},{"bookingid":2319},{"bookingid":3916},{"bookingid":2964},{"bookingid":2886},{"bookingid":2503},{"bookingid":1652},{"bookingid":3968},{"bookingid":33},{"bookingid":978},{"bookingid":3014},{"bookingid":2919},{"bookingid":262},{"bookingid":3188},{"bookingid":2684},{"bookingid":1624},{"bookingid":1507},{"bookingid":220},{"bookingid":4161},{"bookingid":736},{"bookingid":708},{"bookingid":1234},{"bookingid":3588},{"bookingid":3623},{"bookingid":2585},{"bookingid":2966},{"bookingid":4347},{"bookingid":43},{"bookingid":2438},{"bookingid":3432},{"bookingid":3857},{"bookingid":738},{"bookingid":1989},{"bookingid":2042},{"bookingid":4452},{"bookingid":3457},{"bookingid":3328},{"bookingid":896},{"bookingid":4359},{"bookingid":3401},{"bookingid":2211},{"bookingid":1267},{"bookingid":3825},{"bookingid":443},{"bookingid":4106},{"bookingid":1710},{"bookingid":2589},{"bookingid":953},{"bookingid":1447},{"bookingid":82},{"bookingid":2292},{"bookingid":377},{"bookingid":4473},{"bookingid":2901},{"bookingid":4573},{"bookingid":983},{"bookingid":1189},{"bookingid":1825},{"bookingid":3629},{"bookingid":991},{"bookingid":1880},{"bookingid":1950},{"bookingid":519},{"bookingid":4310},{"bookingid":908},{"bookingid":3972},{"bookingid":3659},{"bookingid":530},{"bookingid":4232},{"bookingid":1575},{"bookingid":4409},{"bookingid":4614},{"bookingid":2702},{"bookingid":4210},{"bookingid":2551},{"bookingid":4088},{"bookingid":1760},{"bookingid":3937},{"bookingid":4547},{"bookingid":1065},{"bookingid":3243},{"bookingid":2415},{"bookingid":1313},{"bookingid":520},{"bookingid":4248},{"bookingid":2801},{"bookingid":2326},{"bookingid":87},{"bookingid":459},{"bookingid":2157},{"bookingid":599},{"bookingid":1303},{"bookingid":70},{"bookingid":2645},{"bookingid":3850},{"bookingid":4655},{"bookingid":3505},{"bookingid":3112},{"bookingid":3226},{"bookingid":3883},{"bookingid":1473},{"bookingid":4368},{"bookingid":446},{"bookingid":96},{"bookingid":4652},{"bookingid":780},{"bookingid":3920},{"bookingid":2881},{"bookingid":2007},{"bookingid":320},{"bookingid":1331},{"bookingid":2757},{"bookingid":1269},{"bookingid":4309},{"bookingid":3149},{"bookingid":4475},{"bookingid":769},{"bookingid":384},{"bookingid":3200},{"bookingid":3335},{"bookingid":1159},{"bookingid":1078},{"bookingid":4429},{"bookingid":3886},{"bookingid":2719},{"bookingid":1830},{"bookingid":3946},{"bookingid":3801},{"bookingid":1593},{"bookingid":3410},{"bookingid":260},{"bookingid":4539},{"bookingid":703},{"bookingid":3155},{"bookingid":3309},{"bookingid":21},{"bookingid":485},{"bookingid":2002},{"bookingid":1983},{"bookingid":909},{"bookingid":3266},{"bookingid":1124},{"bookingid":1125},{"bookingid":4346},{"bookingid":1538},{"bookingid":2454},{"bookingid":2238},{"bookingid":3827},{"bookingid":191},{"bookingid":2940},{"bookingid":3475},{"bookingid":3841},{"bookingid":3689},{"bookingid":3542},{"bookingid":732},{"bookingid":587},{"bookingid":2623},{"bookingid":2813},{"bookingid":3218},{"bookingid":1856},{"bookingid":360},{"bookingid":3004},{"bookingid":4243},{"bookingid":190},{"bookingid":267},{"bookingid":3096},{"bookingid":4290},{"bookingid":4580},{"bookingid":560},{"bookingid":1247},{"bookingid":528},{"bookingid":592},{"bookingid":4251},{"bookingid":3828},{"bookingid":2082},{"bookingid":1924},{"bookingid":418},{"bookingid":975},{"bookingid":4265},{"bookingid":3709},{"bookingid":1311},{"bookingid":2069},{"bookingid":1282},{"bookingid":2074},{"bookingid":3294},{"bookingid":961},{"bookingid":3237},{"bookingid":133},{"bookingid":3071},{"bookingid":4540},{"bookingid":3000},{"bookingid":2781},{"bookingid":1602},{"bookingid":2458},{"bookingid":3233},{"bookingid":1805},{"bookingid":1862},{"bookingid":3730},{"bookingid":3324},{"bookingid":1071},{"bookingid":997},{"bookingid":3220},{"bookingid":4424},{"bookingid":2533},{"bookingid":2248},{"bookingid":3238},{"bookingid":2281},{"bookingid":1775},{"bookingid":526},{"bookingid":2587},{"bookingid":4525},{"bookingid":290},{"bookingid":4591},{"bookingid":3382},{"bookingid":4444},{"bookingid":1967},{"bookingid":3547},{"bookingid":1380},{"bookingid":1720},{"bookingid":842},{"bookingid":307},{"bookingid":4417},{"bookingid":2509},{"bookingid":4288},{"bookingid":3451},{"bookingid":1448},{"bookingid":3743},{"bookingid":4584},{"bookingid":3751},{"bookingid":2853},{"bookingid":2913},{"bookingid":2093},{"bookingid":4028},{"bookingid":936},{"bookingid":1321},{"bookingid":1372},{"bookingid":2365},{"bookingid":2001},{"bookingid":3334},{"bookingid":2775},{"bookingid":2202},{"bookingid":3253},{"bookingid":3711},{"bookingid":2571},{"bookingid":810},{"bookingid":4521},{"bookingid":4524},{"bookingid":990},{"bookingid":1046},{"bookingid":3499},{"bookingid":2858},{"bookingid":1338},{"bookingid":880},{"bookingid":2573},{"bookingid":543},{"bookingid":3491},{"bookingid":2615},{"bookingid":1890},{"bookingid":4462},{"bookingid":176},{"bookingid":4565},{"bookingid":1036},{"bookingid":4478},{"bookingid":2779},{"bookingid":4431},{"bookingid":183},{"bookingid":2016},{"bookingid":2549},{"bookingid":2418},{"bookingid":1750},{"bookingid":4234},{"bookingid":469},{"bookingid":2034},{"bookingid":1403},{"bookingid":2630},{"bookingid":1923},{"bookingid":445},{"bookingid":3079},{"bookingid":4227},{"bookingid":4636},{"bookingid":695},{"bookingid":2971},{"bookingid":2113},{"bookingid":1842},{"bookingid":2622},{"bookingid":2970},{"bookingid":3367},{"bookingid":2487},{"bookingid":1675},{"bookingid":1104},{"bookingid":4209},{"bookingid":914},{"bookingid":3514},{"bookingid":274},{"bookingid":4103},{"bookingid":1940},{"bookingid":1077},{"bookingid":609},{"bookingid":4260},{"bookingid":1620},{"bookingid":3391},{"bookingid":639},{"bookingid":574},{"bookingid":1644},{"bookingid":1641},{"bookingid":4562},{"bookingid":2863},{"bookingid":2929},{"bookingid":3855},{"bookingid":4493},{"bookingid":2457},{"bookingid":2436},{"bookingid":2649},{"bookingid":3172},{"bookingid":2708},{"bookingid":127},{"bookingid":1529},{"bookingid":3481},{"bookingid":1010},{"bookingid":1368},{"bookingid":1139},{"bookingid":3046},{"bookingid":1896},{"bookingid":2986},{"bookingid":1788},{"bookingid":1787},{"bookingid":4401},{"bookingid":2241},{"bookingid":1272},{"bookingid":3396},{"bookingid":2495},{"bookingid":1192},{"bookingid":3311},{"bookingid":3426},{"bookingid":1388},{"bookingid":2672},{"bookingid":902},{"bookingid":3539},{"bookingid":2356},{"bookingid":698},{"bookingid":3304},{"bookingid":2177},{"bookingid":1895},{"bookingid":2183},{"bookingid":2945},{"bookingid":845},{"bookingid":3346},{"bookingid":3090},{"bookingid":3448},{"bookingid":2812},{"bookingid":791},{"bookingid":3635},{"bookingid":3051},{"bookingid":4511},{"bookingid":3423},{"bookingid":2837},{"bookingid":4123},{"bookingid":2903},{"bookingid":3176},{"bookingid":591},{"bookingid":2215},{"bookingid":3654},{"bookingid":3528},{"bookingid":636},{"bookingid":1440},{"bookingid":3363},{"bookingid":4647},{"bookingid":3376},{"bookingid":2195},{"bookingid":774},{"bookingid":1912},{"bookingid":3439},{"bookingid":1019},{"bookingid":4447},{"bookingid":1358},{"bookingid":504},{"bookingid":2637},{"bookingid":2098},{"bookingid":783},{"bookingid":4194},{"bookingid":2434},{"bookingid":151},{"bookingid":4230},{"bookingid":932},{"bookingid":4465},{"bookingid":1980},{"bookingid":3715},{"bookingid":2332},{"bookingid":2679},{"bookingid":4411},{"bookingid":2947},{"bookingid":439},{"bookingid":4240},{"bookingid":3478},{"bookingid":2532},{"bookingid":4392},{"bookingid":3939},{"bookingid":2348},{"bookingid":325},{"bookingid":1277},{"bookingid":1781},{"bookingid":1679},{"bookingid":3148},{"bookingid":1312},{"bookingid":346},{"bookingid":3944},{"bookingid":4450},{"bookingid":2560},{"bookingid":1095},{"bookingid":856},{"bookingid":2357},{"bookingid":2448},{"bookingid":3573},{"bookingid":1061},{"bookingid":2065},{"bookingid":4092},{"bookingid":98},{"bookingid":4385},{"bookingid":1847},{"bookingid":2673},{"bookingid":1483},{"bookingid":3548},{"bookingid":4149},{"bookingid":3991},{"bookingid":4067},{"bookingid":90},{"bookingid":1316},{"bookingid":790},{"bookingid":4589},{"bookingid":535},{"bookingid":3094},{"bookingid":618},{"bookingid":2631},{"bookingid":876},{"bookingid":1398},{"bookingid":3563},{"bookingid":3614},{"bookingid":3557},{"bookingid":2590},{"bookingid":2486},{"bookingid":4100},{"bookingid":1431},{"bookingid":3769},{"bookingid":2760},{"bookingid":2290},{"bookingid":4520},{"bookingid":2802},{"bookingid":391},{"bookingid":3692},{"bookingid":821},{"bookingid":29},{"bookingid":3166},{"bookingid":1563},{"bookingid":2459},{"bookingid":313},{"bookingid":4029},{"bookingid":3091},{"bookingid":4098},{"bookingid":4257},{"bookingid":2582},{"bookingid":1045},{"bookingid":101},{"bookingid":3697},{"bookingid":3838},{"bookingid":280},{"bookingid":4122},{"bookingid":3932},{"bookingid":522},{"bookingid":2876},{"bookingid":2711},{"bookingid":1499},{"bookingid":959},{"bookingid":4406},{"bookingid":2297},{"bookingid":674},{"bookingid":4... (set the log level to DEBUG or TRACE to see the full content) 
 </msg>
<msg time="2024-02-11T21:30:05.681333" level="INFO">${response} = &lt;Response [200]&gt;</msg>
<var>${response}</var>
<arg>url=${BASE_URL}/booking</arg>
<doc>Sends a GET request.</doc>
<status status="PASS" start="2024-02-11T21:30:05.119989" elapsed="0.562363"/>
</kw>
<return>
<value>${response}</value>
<status status="PASS" start="2024-02-11T21:30:05.682352" elapsed="0.001001"/>
</return>
<msg time="2024-02-11T21:30:05.683353" level="INFO">${response} = &lt;Response [200]&gt;</msg>
<var>${response}</var>
<status status="PASS" start="2024-02-11T21:30:05.118991" elapsed="0.565370"/>
</kw>
<kw name="Select Random BookingId From Json" owner="common">
<kw name="Evaluate" owner="BuiltIn">
<msg time="2024-02-11T21:30:05.697440" level="INFO">${bookingid} = 3547</msg>
<var>${bookingid}</var>
<arg>random.choice($response.json())['bookingid']</arg>
<arg>modules=random</arg>
<doc>Evaluates the given expression in Python and returns the result.</doc>
<status status="PASS" start="2024-02-11T21:30:05.687360" elapsed="0.010080"/>
</kw>
<return>
<value>${bookingid}</value>
<status status="PASS" start="2024-02-11T21:30:05.697440" elapsed="0.000976"/>
</return>
<msg time="2024-02-11T21:30:05.699455" level="INFO">${id} = 3547</msg>
<var>${id}</var>
<arg>${response}</arg>
<status status="PASS" start="2024-02-11T21:30:05.686351" elapsed="0.014016"/>
</kw>
<kw name="DELETE /booking/${id}" owner="common" source_name="DELETE /booking/${id}">
<kw name="Create Dictionary" owner="BuiltIn">
<msg time="2024-02-11T21:30:05.703453" level="INFO">${headers} = {'Cookie': 'token=1d46aa96739a46e'}</msg>
<var>${headers}</var>
<arg>Cookie=token\=${TOKEN}</arg>
<doc>Creates and returns a dictionary based on the given ``items``.</doc>
<status status="PASS" start="2024-02-11T21:30:05.702354" elapsed="0.001099"/>
</kw>
<kw name="DELETE" owner="RequestsLibrary">
<msg time="2024-02-11T21:30:06.149135" level="INFO">DELETE Request : url=https://restful-booker.herokuapp.com/booking/3547 
 path_url=/booking/3547 
 headers={'User-Agent': 'python-requests/2.31.0', 'Accept-Encoding': 'gzip, deflate', 'Accept': '*/*', 'Connection': 'keep-alive', 'Cookie': 'token=1d46aa96739a46e', 'Content-Length': '0'} 
 body=None 
 </msg>
<msg time="2024-02-11T21:30:06.150141" level="INFO">DELETE Response : url=https://restful-booker.herokuapp.com/booking/3547 
 status=201, reason=Created 
 headers={'Server': 'Cowboy', 'Report-To': '{"group":"heroku-nel","max_age":3600,"endpoints":[{"url":"https://nel.heroku.com/reports?ts=1707686999&amp;sid=c46efe9b-d3d2-4a0c-8c76-bfafa16c5add&amp;s=S96ZwnR6lJpsSKCIuiaHE7NgCFadJtWJD%2FTPfJrTHk4%3D"}]}', 'Reporting-Endpoints': 'heroku-nel=https://nel.heroku.com/reports?ts=1707686999&amp;sid=c46efe9b-d3d2-4a0c-8c76-bfafa16c5add&amp;s=S96ZwnR6lJpsSKCIuiaHE7NgCFadJtWJD%2FTPfJrTHk4%3D', 'Nel': '{"report_to":"heroku-nel","max_age":3600,"success_fraction":0.005,"failure_fraction":0.05,"response_headers":["Via"]}', 'Connection': 'keep-alive', 'X-Powered-By': 'Express', 'Content-Type': 'text/plain; charset=utf-8', 'Content-Length': '7', 'Etag': 'W/"7-rM9AyJuqT6iOan/xHh+AW+7K/T8"', 'Date': 'Sun, 11 Feb 2024 21:29:59 GMT', 'Via': '1.1 vegur'} 
 body=Created 
 </msg>
<msg time="2024-02-11T21:30:06.150141" level="INFO">${response} = &lt;Response [201]&gt;</msg>
<var>${response}</var>
<arg>url=${BASE_URL}/booking/${id}</arg>
<arg>headers=${headers}</arg>
<doc>Sends a DELETE request.</doc>
<status status="PASS" start="2024-02-11T21:30:05.704352" elapsed="0.445789"/>
</kw>
<return>
<value>${response}</value>
<status status="PASS" start="2024-02-11T21:30:06.151139" elapsed="0.001004"/>
</return>
<msg time="2024-02-11T21:30:06.152143" level="INFO">${response} = &lt;Response [201]&gt;</msg>
<var>${response}</var>
<status status="PASS" start="2024-02-11T21:30:05.701350" elapsed="0.451832"/>
</kw>
<kw name="GET /booking" owner="common">
<kw name="GET" owner="RequestsLibrary">
<msg time="2024-02-11T21:30:06.716181" level="INFO">GET Request : url=https://restful-booker.herokuapp.com/booking 
 path_url=/booking 
 headers={'User-Agent': 'python-requests/2.31.0', 'Accept-Encoding': 'gzip, deflate', 'Accept': '*/*', 'Connection': 'keep-alive'} 
 body=None 
 </msg>
<msg time="2024-02-11T21:30:06.717214" level="INFO">GET Response : url=https://restful-booker.herokuapp.com/booking 
 status=200, reason=OK 
 headers={'Server': 'Cowboy', 'Report-To': '{"group":"heroku-nel","max_age":3600,"endpoints":[{"url":"https://nel.heroku.com/reports?ts=1707686999&amp;sid=c46efe9b-d3d2-4a0c-8c76-bfafa16c5add&amp;s=S96ZwnR6lJpsSKCIuiaHE7NgCFadJtWJD%2FTPfJrTHk4%3D"}]}', 'Reporting-Endpoints': 'heroku-nel=https://nel.heroku.com/reports?ts=1707686999&amp;sid=c46efe9b-d3d2-4a0c-8c76-bfafa16c5add&amp;s=S96ZwnR6lJpsSKCIuiaHE7NgCFadJtWJD%2FTPfJrTHk4%3D', 'Nel': '{"report_to":"heroku-nel","max_age":3600,"success_fraction":0.005,"failure_fraction":0.05,"response_headers":["Via"]}', 'Connection': 'keep-alive', 'X-Powered-By': 'Express', 'Content-Type': 'application/json; charset=utf-8', 'Content-Length': '59821', 'Etag': 'W/"e9ad-wF8gMGtJjusIJLttCfeyvOgUVcc"', 'Date': 'Sun, 11 Feb 2024 21:29:59 GMT', 'Via': '1.1 vegur'} 
 body=[{"bookingid":1472},{"bookingid":22},{"bookingid":1670},{"bookingid":906},{"bookingid":2342},{"bookingid":1662},{"bookingid":3413},{"bookingid":3306},{"bookingid":1635},{"bookingid":3878},{"bookingid":53},{"bookingid":3735},{"bookingid":2276},{"bookingid":4037},{"bookingid":1309},{"bookingid":1112},{"bookingid":4287},{"bookingid":1854},{"bookingid":2840},{"bookingid":516},{"bookingid":3347},{"bookingid":2705},{"bookingid":1691},{"bookingid":3593},{"bookingid":2011},{"bookingid":4425},{"bookingid":2910},{"bookingid":375},{"bookingid":427},{"bookingid":3214},{"bookingid":345},{"bookingid":2730},{"bookingid":1511},{"bookingid":3800},{"bookingid":2067},{"bookingid":252},{"bookingid":2052},{"bookingid":321},{"bookingid":4616},{"bookingid":2375},{"bookingid":1489},{"bookingid":1214},{"bookingid":3810},{"bookingid":2114},{"bookingid":2478},{"bookingid":3480},{"bookingid":2504},{"bookingid":3208},{"bookingid":2261},{"bookingid":588},{"bookingid":3289},{"bookingid":1657},{"bookingid":254},{"bookingid":998},{"bookingid":775},{"bookingid":2259},{"bookingid":2759},{"bookingid":4453},{"bookingid":2319},{"bookingid":3916},{"bookingid":2964},{"bookingid":2886},{"bookingid":2503},{"bookingid":1652},{"bookingid":3968},{"bookingid":33},{"bookingid":978},{"bookingid":3014},{"bookingid":2919},{"bookingid":262},{"bookingid":3188},{"bookingid":2684},{"bookingid":1624},{"bookingid":1507},{"bookingid":220},{"bookingid":4161},{"bookingid":736},{"bookingid":708},{"bookingid":1234},{"bookingid":3588},{"bookingid":3623},{"bookingid":2585},{"bookingid":2966},{"bookingid":4347},{"bookingid":43},{"bookingid":2438},{"bookingid":3432},{"bookingid":3857},{"bookingid":738},{"bookingid":1989},{"bookingid":2042},{"bookingid":4452},{"bookingid":3457},{"bookingid":3328},{"bookingid":896},{"bookingid":4359},{"bookingid":3401},{"bookingid":2211},{"bookingid":1267},{"bookingid":3825},{"bookingid":443},{"bookingid":4106},{"bookingid":1710},{"bookingid":2589},{"bookingid":953},{"bookingid":1447},{"bookingid":82},{"bookingid":2292},{"bookingid":377},{"bookingid":4473},{"bookingid":2901},{"bookingid":4573},{"bookingid":983},{"bookingid":1189},{"bookingid":1825},{"bookingid":3629},{"bookingid":991},{"bookingid":1880},{"bookingid":1950},{"bookingid":519},{"bookingid":4310},{"bookingid":908},{"bookingid":3972},{"bookingid":3659},{"bookingid":530},{"bookingid":4232},{"bookingid":1575},{"bookingid":4409},{"bookingid":4614},{"bookingid":2702},{"bookingid":4210},{"bookingid":2551},{"bookingid":4088},{"bookingid":1760},{"bookingid":3937},{"bookingid":4547},{"bookingid":1065},{"bookingid":3243},{"bookingid":2415},{"bookingid":1313},{"bookingid":520},{"bookingid":4248},{"bookingid":2801},{"bookingid":2326},{"bookingid":87},{"bookingid":459},{"bookingid":2157},{"bookingid":599},{"bookingid":1303},{"bookingid":70},{"bookingid":2645},{"bookingid":3850},{"bookingid":4655},{"bookingid":3505},{"bookingid":3112},{"bookingid":3226},{"bookingid":3883},{"bookingid":1473},{"bookingid":4368},{"bookingid":446},{"bookingid":96},{"bookingid":4652},{"bookingid":780},{"bookingid":3920},{"bookingid":2881},{"bookingid":2007},{"bookingid":320},{"bookingid":1331},{"bookingid":2757},{"bookingid":1269},{"bookingid":4309},{"bookingid":3149},{"bookingid":4475},{"bookingid":769},{"bookingid":384},{"bookingid":3200},{"bookingid":3335},{"bookingid":1159},{"bookingid":1078},{"bookingid":4429},{"bookingid":3886},{"bookingid":2719},{"bookingid":1830},{"bookingid":3946},{"bookingid":3801},{"bookingid":1593},{"bookingid":3410},{"bookingid":260},{"bookingid":4539},{"bookingid":703},{"bookingid":3155},{"bookingid":3309},{"bookingid":21},{"bookingid":485},{"bookingid":2002},{"bookingid":1983},{"bookingid":909},{"bookingid":3266},{"bookingid":1124},{"bookingid":1125},{"bookingid":4346},{"bookingid":1538},{"bookingid":2454},{"bookingid":2238},{"bookingid":3827},{"bookingid":191},{"bookingid":2940},{"bookingid":3475},{"bookingid":3841},{"bookingid":3689},{"bookingid":3542},{"bookingid":732},{"bookingid":587},{"bookingid":2623},{"bookingid":2813},{"bookingid":3218},{"bookingid":1856},{"bookingid":360},{"bookingid":3004},{"bookingid":4243},{"bookingid":190},{"bookingid":267},{"bookingid":3096},{"bookingid":4290},{"bookingid":4580},{"bookingid":560},{"bookingid":1247},{"bookingid":528},{"bookingid":592},{"bookingid":4251},{"bookingid":3828},{"bookingid":2082},{"bookingid":1924},{"bookingid":418},{"bookingid":975},{"bookingid":4265},{"bookingid":3709},{"bookingid":1311},{"bookingid":2069},{"bookingid":1282},{"bookingid":2074},{"bookingid":3294},{"bookingid":961},{"bookingid":3237},{"bookingid":133},{"bookingid":3071},{"bookingid":4540},{"bookingid":3000},{"bookingid":2781},{"bookingid":1602},{"bookingid":2458},{"bookingid":3233},{"bookingid":1805},{"bookingid":1862},{"bookingid":3730},{"bookingid":3324},{"bookingid":1071},{"bookingid":997},{"bookingid":3220},{"bookingid":4424},{"bookingid":2533},{"bookingid":2248},{"bookingid":3238},{"bookingid":2281},{"bookingid":1775},{"bookingid":526},{"bookingid":2587},{"bookingid":4525},{"bookingid":290},{"bookingid":4591},{"bookingid":3382},{"bookingid":4444},{"bookingid":1967},{"bookingid":1380},{"bookingid":1720},{"bookingid":842},{"bookingid":307},{"bookingid":4417},{"bookingid":2509},{"bookingid":4288},{"bookingid":3451},{"bookingid":1448},{"bookingid":3743},{"bookingid":4584},{"bookingid":3751},{"bookingid":2853},{"bookingid":2913},{"bookingid":2093},{"bookingid":4028},{"bookingid":936},{"bookingid":1321},{"bookingid":1372},{"bookingid":2365},{"bookingid":2001},{"bookingid":3334},{"bookingid":2775},{"bookingid":2202},{"bookingid":3253},{"bookingid":3711},{"bookingid":2571},{"bookingid":810},{"bookingid":4521},{"bookingid":4524},{"bookingid":990},{"bookingid":1046},{"bookingid":3499},{"bookingid":2858},{"bookingid":1338},{"bookingid":880},{"bookingid":2573},{"bookingid":543},{"bookingid":3491},{"bookingid":2615},{"bookingid":1890},{"bookingid":4462},{"bookingid":176},{"bookingid":4565},{"bookingid":1036},{"bookingid":4478},{"bookingid":2779},{"bookingid":4431},{"bookingid":183},{"bookingid":2016},{"bookingid":2549},{"bookingid":2418},{"bookingid":1750},{"bookingid":4234},{"bookingid":469},{"bookingid":2034},{"bookingid":1403},{"bookingid":2630},{"bookingid":1923},{"bookingid":445},{"bookingid":3079},{"bookingid":4227},{"bookingid":4636},{"bookingid":695},{"bookingid":2971},{"bookingid":2113},{"bookingid":1842},{"bookingid":2622},{"bookingid":2970},{"bookingid":3367},{"bookingid":2487},{"bookingid":1675},{"bookingid":1104},{"bookingid":4209},{"bookingid":914},{"bookingid":3514},{"bookingid":274},{"bookingid":4103},{"bookingid":1940},{"bookingid":1077},{"bookingid":609},{"bookingid":4260},{"bookingid":1620},{"bookingid":3391},{"bookingid":639},{"bookingid":574},{"bookingid":1644},{"bookingid":1641},{"bookingid":4562},{"bookingid":2863},{"bookingid":2929},{"bookingid":3855},{"bookingid":4493},{"bookingid":2457},{"bookingid":2436},{"bookingid":2649},{"bookingid":3172},{"bookingid":2708},{"bookingid":127},{"bookingid":1529},{"bookingid":3481},{"bookingid":1010},{"bookingid":1368},{"bookingid":1139},{"bookingid":3046},{"bookingid":1896},{"bookingid":2986},{"bookingid":1788},{"bookingid":1787},{"bookingid":4401},{"bookingid":2241},{"bookingid":1272},{"bookingid":3396},{"bookingid":2495},{"bookingid":1192},{"bookingid":3311},{"bookingid":3426},{"bookingid":1388},{"bookingid":2672},{"bookingid":902},{"bookingid":3539},{"bookingid":2356},{"bookingid":698},{"bookingid":3304},{"bookingid":2177},{"bookingid":1895},{"bookingid":2183},{"bookingid":2945},{"bookingid":845},{"bookingid":4663},{"bookingid":3346},{"bookingid":3090},{"bookingid":3448},{"bookingid":2812},{"bookingid":791},{"bookingid":3635},{"bookingid":3051},{"bookingid":4511},{"bookingid":3423},{"bookingid":2837},{"bookingid":4123},{"bookingid":2903},{"bookingid":3176},{"bookingid":591},{"bookingid":2215},{"bookingid":3654},{"bookingid":3528},{"bookingid":636},{"bookingid":1440},{"bookingid":3363},{"bookingid":4647},{"bookingid":3376},{"bookingid":2195},{"bookingid":774},{"bookingid":1912},{"bookingid":3439},{"bookingid":1019},{"bookingid":4447},{"bookingid":1358},{"bookingid":504},{"bookingid":2637},{"bookingid":2098},{"bookingid":783},{"bookingid":4194},{"bookingid":2434},{"bookingid":151},{"bookingid":4230},{"bookingid":932},{"bookingid":4465},{"bookingid":1980},{"bookingid":3715},{"bookingid":2332},{"bookingid":2679},{"bookingid":4411},{"bookingid":2947},{"bookingid":439},{"bookingid":4240},{"bookingid":3478},{"bookingid":2532},{"bookingid":4392},{"bookingid":3939},{"bookingid":2348},{"bookingid":325},{"bookingid":1277},{"bookingid":1781},{"bookingid":1679},{"bookingid":3148},{"bookingid":1312},{"bookingid":346},{"bookingid":3944},{"bookingid":4450},{"bookingid":2560},{"bookingid":1095},{"bookingid":856},{"bookingid":2357},{"bookingid":2448},{"bookingid":3573},{"bookingid":1061},{"bookingid":2065},{"bookingid":4092},{"bookingid":98},{"bookingid":4385},{"bookingid":1847},{"bookingid":2673},{"bookingid":1483},{"bookingid":3548},{"bookingid":4149},{"bookingid":3991},{"bookingid":4067},{"bookingid":90},{"bookingid":1316},{"bookingid":790},{"bookingid":4589},{"bookingid":535},{"bookingid":3094},{"bookingid":618},{"bookingid":2631},{"bookingid":876},{"bookingid":1398},{"bookingid":3563},{"bookingid":3614},{"bookingid":3557},{"bookingid":2590},{"bookingid":2486},{"bookingid":4100},{"bookingid":1431},{"bookingid":3769},{"bookingid":2760},{"bookingid":2290},{"bookingid":4520},{"bookingid":2802},{"bookingid":391},{"bookingid":3692},{"bookingid":821},{"bookingid":29},{"bookingid":3166},{"bookingid":1563},{"bookingid":2459},{"bookingid":313},{"bookingid":4029},{"bookingid":3091},{"bookingid":4098},{"bookingid":4257},{"bookingid":2582},{"bookingid":1045},{"bookingid":101},{"bookingid":3697},{"bookingid":3838},{"bookingid":280},{"bookingid":4122},{"bookingid":3932},{"bookingid":522},{"bookingid":2876},{"bookingid":2711},{"bookingid":1499},{"bookingid":959},{"bookingid":4406},{"bookingid":2297},{"bookingid":674},{"bookingid":4... (set the log level to DEBUG or TRACE to see the full content) 
 </msg>
<msg time="2024-02-11T21:30:06.718155" level="INFO">${response} = &lt;Response [200]&gt;</msg>
<var>${response}</var>
<arg>url=${BASE_URL}/booking</arg>
<doc>Sends a GET request.</doc>
<status status="PASS" start="2024-02-11T21:30:06.156128" elapsed="0.563039"/>
</kw>
<return>
<value>${response}</value>
<status status="PASS" start="2024-02-11T21:30:06.719167" elapsed="0.000989"/>
</return>
<msg time="2024-02-11T21:30:06.721156" level="INFO">${response} = &lt;Response [200]&gt;</msg>
<var>${response}</var>
<status status="PASS" start="2024-02-11T21:30:06.155140" elapsed="0.566016"/>
</kw>
<kw name="Should Not Have Value In Json" owner="JSONLibrary">
<arg>${response.json()}</arg>
<arg>json_path=$[?@.bookingid == ${id})].bookingid</arg>
<doc>Should Not Have Value In JSON using JSONPath</doc>
<status status="PASS" start="2024-02-11T21:30:06.723155" elapsed="0.067957"/>
</kw>
<status status="PASS" start="2024-02-11T21:30:04.540958" elapsed="2.250154"/>
</test>
<status status="PASS" start="2024-02-11T21:30:04.286907" elapsed="2.508207"/>
</suite>
<status status="PASS" start="2024-02-11T21:30:04.251101" elapsed="2.547012"/>
</suite>
<statistics>
<total>
<stat pass="1" fail="0" skip="0">All Tests</stat>
</total>
<tag>
</tag>
<suite>
<stat pass="1" fail="0" skip="0" id="s1" name="AutomatizaTestesAPI">AutomatizaTestesAPI</stat>
<stat pass="1" fail="0" skip="0" id="s1-s1" name="Booking">AutomatizaTestesAPI.Booking</stat>
</suite>
</statistics>
<errors>
</errors>
</robot>
