<?xml version="1.0" encoding="UTF-8"?>
<robot generator="Robot 7.0 (Python 3.11.1 on win32)" generated="2024-02-09T21:49:41.937984" rpa="false" schemaversion="5">
<suite id="s1" name="AutomatizaTestesAPI" source="C:\Users\silviaz\OneDrive\Documentos\repositorios\AutomatizaTestesAPI">
<suite id="s1-s1" name="Booking" source="C:\Users\silviaz\OneDrive\Documentos\repositorios\AutomatizaTestesAPI\booking.robot">
<test id="s1-s1-t1" name="TC 3: obter reserva por ID" line="11">
<kw name="GET /booking" owner="common">
<kw name="GET" owner="RequestsLibrary">
<msg time="2024-02-09T21:49:42.897837" level="INFO">GET Request : url=https://restful-booker.herokuapp.com/booking 
 path_url=/booking 
 headers={'User-Agent': 'python-requests/2.31.0', 'Accept-Encoding': 'gzip, deflate', 'Accept': '*/*', 'Connection': 'keep-alive'} 
 body=None 
 </msg>
<msg time="2024-02-09T21:49:42.898828" level="INFO">GET Response : url=https://restful-booker.herokuapp.com/booking 
 status=200, reason=OK 
 headers={'Server': 'Cowboy', 'Report-To': '{"group":"heroku-nel","max_age":3600,"endpoints":[{"url":"https://nel.heroku.com/reports?ts=1707515382&amp;sid=c46efe9b-d3d2-4a0c-8c76-bfafa16c5add&amp;s=UgehXbBzqGnyH736%2BSgQMFHRLEbrNpGaSLMWpQQ3apU%3D"}]}', 'Reporting-Endpoints': 'heroku-nel=https://nel.heroku.com/reports?ts=1707515382&amp;sid=c46efe9b-d3d2-4a0c-8c76-bfafa16c5add&amp;s=UgehXbBzqGnyH736%2BSgQMFHRLEbrNpGaSLMWpQQ3apU%3D', 'Nel': '{"report_to":"heroku-nel","max_age":3600,"success_fraction":0.005,"failure_fraction":0.05,"response_headers":["Via"]}', 'Connection': 'keep-alive', 'X-Powered-By': 'Express', 'Content-Type': 'application/json; charset=utf-8', 'Content-Length': '61832', 'Etag': 'W/"f188-I3Ud+0TtYiREVPZAE160KlHuyDU"', 'Date': 'Fri, 09 Feb 2024 21:49:42 GMT', 'Via': '1.1 vegur'} 
 body=[{"bookingid":4145},{"bookingid":3036},{"bookingid":1420},{"bookingid":1088},{"bookingid":3401},{"bookingid":1502},{"bookingid":2144},{"bookingid":3926},{"bookingid":3750},{"bookingid":3530},{"bookingid":2209},{"bookingid":42},{"bookingid":3651},{"bookingid":2649},{"bookingid":523},{"bookingid":4275},{"bookingid":2932},{"bookingid":4536},{"bookingid":1058},{"bookingid":2501},{"bookingid":284},{"bookingid":191},{"bookingid":1211},{"bookingid":4574},{"bookingid":827},{"bookingid":2048},{"bookingid":4718},{"bookingid":3729},{"bookingid":265},{"bookingid":4635},{"bookingid":1003},{"bookingid":4100},{"bookingid":729},{"bookingid":4230},{"bookingid":4177},{"bookingid":2664},{"bookingid":4164},{"bookingid":3985},{"bookingid":654},{"bookingid":2391},{"bookingid":652},{"bookingid":1841},{"bookingid":2284},{"bookingid":905},{"bookingid":1800},{"bookingid":4480},{"bookingid":4422},{"bookingid":4729},{"bookingid":1194},{"bookingid":4170},{"bookingid":2708},{"bookingid":4788},{"bookingid":292},{"bookingid":3057},{"bookingid":3690},{"bookingid":2747},{"bookingid":1587},{"bookingid":628},{"bookingid":2396},{"bookingid":4154},{"bookingid":1493},{"bookingid":872},{"bookingid":4707},{"bookingid":4723},{"bookingid":1037},{"bookingid":433},{"bookingid":1011},{"bookingid":3228},{"bookingid":566},{"bookingid":1475},{"bookingid":1617},{"bookingid":3459},{"bookingid":1814},{"bookingid":1293},{"bookingid":2205},{"bookingid":942},{"bookingid":2378},{"bookingid":2742},{"bookingid":1744},{"bookingid":1891},{"bookingid":1385},{"bookingid":613},{"bookingid":1284},{"bookingid":1515},{"bookingid":4286},{"bookingid":76},{"bookingid":2731},{"bookingid":985},{"bookingid":3047},{"bookingid":1926},{"bookingid":1275},{"bookingid":2311},{"bookingid":4577},{"bookingid":3246},{"bookingid":4217},{"bookingid":43},{"bookingid":4805},{"bookingid":2070},{"bookingid":1406},{"bookingid":859},{"bookingid":3855},{"bookingid":4401},{"bookingid":3654},{"bookingid":4811},{"bookingid":1764},{"bookingid":4476},{"bookingid":4514},{"bookingid":1388},{"bookingid":3244},{"bookingid":3667},{"bookingid":2015},{"bookingid":763},{"bookingid":2355},{"bookingid":929},{"bookingid":2013},{"bookingid":3316},{"bookingid":2894},{"bookingid":3802},{"bookingid":3260},{"bookingid":355},{"bookingid":4051},{"bookingid":2552},{"bookingid":4808},{"bookingid":4831},{"bookingid":3585},{"bookingid":2995},{"bookingid":506},{"bookingid":2414},{"bookingid":2274},{"bookingid":2276},{"bookingid":3364},{"bookingid":1813},{"bookingid":1005},{"bookingid":664},{"bookingid":1977},{"bookingid":1008},{"bookingid":2634},{"bookingid":2072},{"bookingid":2029},{"bookingid":1200},{"bookingid":2817},{"bookingid":1100},{"bookingid":2164},{"bookingid":3946},{"bookingid":2101},{"bookingid":3011},{"bookingid":2719},{"bookingid":1328},{"bookingid":3859},{"bookingid":4769},{"bookingid":687},{"bookingid":4797},{"bookingid":212},{"bookingid":4370},{"bookingid":1432},{"bookingid":1068},{"bookingid":4817},{"bookingid":4770},{"bookingid":2997},{"bookingid":4827},{"bookingid":4646},{"bookingid":3025},{"bookingid":1212},{"bookingid":4440},{"bookingid":251},{"bookingid":2416},{"bookingid":1523},{"bookingid":3734},{"bookingid":3239},{"bookingid":1696},{"bookingid":2320},{"bookingid":277},{"bookingid":65},{"bookingid":1760},{"bookingid":3216},{"bookingid":3158},{"bookingid":700},{"bookingid":2681},{"bookingid":3164},{"bookingid":2839},{"bookingid":3282},{"bookingid":146},{"bookingid":2326},{"bookingid":3445},{"bookingid":3728},{"bookingid":4838},{"bookingid":590},{"bookingid":4474},{"bookingid":860},{"bookingid":4445},{"bookingid":3639},{"bookingid":1567},{"bookingid":150},{"bookingid":469},{"bookingid":3082},{"bookingid":4178},{"bookingid":1076},{"bookingid":2689},{"bookingid":1665},{"bookingid":1481},{"bookingid":1927},{"bookingid":1178},{"bookingid":1778},{"bookingid":3803},{"bookingid":2206},{"bookingid":59},{"bookingid":4837},{"bookingid":1080},{"bookingid":2658},{"bookingid":1490},{"bookingid":1996},{"bookingid":1614},{"bookingid":2173},{"bookingid":3725},{"bookingid":1600},{"bookingid":3135},{"bookingid":849},{"bookingid":3823},{"bookingid":1633},{"bookingid":4323},{"bookingid":389},{"bookingid":4030},{"bookingid":118},{"bookingid":1824},{"bookingid":80},{"bookingid":1565},{"bookingid":921},{"bookingid":1693},{"bookingid":2231},{"bookingid":3085},{"bookingid":1060},{"bookingid":156},{"bookingid":2849},{"bookingid":1994},{"bookingid":4816},{"bookingid":4204},{"bookingid":3405},{"bookingid":4699},{"bookingid":2242},{"bookingid":3392},{"bookingid":495},{"bookingid":400},{"bookingid":983},{"bookingid":1426},{"bookingid":1097},{"bookingid":2575},{"bookingid":4508},{"bookingid":3509},{"bookingid":3539},{"bookingid":3226},{"bookingid":2818},{"bookingid":3178},{"bookingid":1025},{"bookingid":412},{"bookingid":3932},{"bookingid":1292},{"bookingid":2170},{"bookingid":4429},{"bookingid":1217},{"bookingid":834},{"bookingid":885},{"bookingid":3002},{"bookingid":4448},{"bookingid":915},{"bookingid":3207},{"bookingid":711},{"bookingid":4742},{"bookingid":3979},{"bookingid":4041},{"bookingid":1105},{"bookingid":3574},{"bookingid":259},{"bookingid":1137},{"bookingid":3119},{"bookingid":1837},{"bookingid":1184},{"bookingid":4709},{"bookingid":410},{"bookingid":739},{"bookingid":1103},{"bookingid":4653},{"bookingid":3786},{"bookingid":1055},{"bookingid":4799},{"bookingid":3892},{"bookingid":2847},{"bookingid":1024},{"bookingid":232},{"bookingid":2677},{"bookingid":2598},{"bookingid":2003},{"bookingid":3217},{"bookingid":3740},{"bookingid":2914},{"bookingid":4163},{"bookingid":843},{"bookingid":2505},{"bookingid":115},{"bookingid":4034},{"bookingid":4425},{"bookingid":1066},{"bookingid":3},{"bookingid":4657},{"bookingid":4802},{"bookingid":3710},{"bookingid":998},{"bookingid":3073},{"bookingid":2211},{"bookingid":1950},{"bookingid":2815},{"bookingid":4459},{"bookingid":3650},{"bookingid":3050},{"bookingid":2930},{"bookingid":4263},{"bookingid":2138},{"bookingid":1310},{"bookingid":3747},{"bookingid":4603},{"bookingid":3367},{"bookingid":3833},{"bookingid":550},{"bookingid":532},{"bookingid":473},{"bookingid":2187},{"bookingid":3899},{"bookingid":3563},{"bookingid":4},{"bookingid":1154},{"bookingid":4549},{"bookingid":519},{"bookingid":494},{"bookingid":557},{"bookingid":1635},{"bookingid":596},{"bookingid":1771},{"bookingid":1704},{"bookingid":307},{"bookingid":110},{"bookingid":4791},{"bookingid":1519},{"bookingid":3410},{"bookingid":2853},{"bookingid":2564},{"bookingid":407},{"bookingid":4289},{"bookingid":167},{"bookingid":4114},{"bookingid":3988},{"bookingid":2851},{"bookingid":4264},{"bookingid":4324},{"bookingid":3939},{"bookingid":90},{"bookingid":3542},{"bookingid":2902},{"bookingid":3619},{"bookingid":2557},{"bookingid":4424},{"bookingid":367},{"bookingid":1884},{"bookingid":3088},{"bookingid":922},{"bookingid":2041},{"bookingid":2919},{"bookingid":3286},{"bookingid":69},{"bookingid":4763},{"bookingid":2554},{"bookingid":476},{"bookingid":1796},{"bookingid":775},{"bookingid":1973},{"bookingid":4704},{"bookingid":3116},{"bookingid":4242},{"bookingid":2200},{"bookingid":3020},{"bookingid":2363},{"bookingid":3319},{"bookingid":1305},{"bookingid":3936},{"bookingid":2344},{"bookingid":238},{"bookingid":565},{"bookingid":771},{"bookingid":3791},{"bookingid":3512},{"bookingid":3048},{"bookingid":2625},{"bookingid":2699},{"bookingid":678},{"bookingid":3094},{"bookingid":4776},{"bookingid":3185},{"bookingid":1353},{"bookingid":4469},{"bookingid":2220},{"bookingid":75},{"bookingid":4026},{"bookingid":3305},{"bookingid":858},{"bookingid":4779},{"bookingid":3904},{"bookingid":1990},{"bookingid":4745},{"bookingid":619},{"bookingid":1002},{"bookingid":4573},{"bookingid":2709},{"bookingid":3206},{"bookingid":1818},{"bookingid":2304},{"bookingid":3468},{"bookingid":4555},{"bookingid":1528},{"bookingid":1125},{"bookingid":681},{"bookingid":581},{"bookingid":1046},{"bookingid":1139},{"bookingid":997},{"bookingid":841},{"bookingid":1671},{"bookingid":4829},{"bookingid":2561},{"bookingid":4222},{"bookingid":3045},{"bookingid":1019},{"bookingid":1656},{"bookingid":3255},{"bookingid":1993},{"bookingid":1712},{"bookingid":2534},{"bookingid":2372},{"bookingid":4125},{"bookingid":4748},{"bookingid":1067},{"bookingid":4468},{"bookingid":1435},{"bookingid":3778},{"bookingid":1446},{"bookingid":4693},{"bookingid":3078},{"bookingid":1012},{"bookingid":992},{"bookingid":791},{"bookingid":1863},{"bookingid":3080},{"bookingid":2523},{"bookingid":4060},{"bookingid":1929},{"bookingid":3902},{"bookingid":2332},{"bookingid":840},{"bookingid":2279},{"bookingid":2801},{"bookingid":923},{"bookingid":4046},{"bookingid":3755},{"bookingid":2965},{"bookingid":2802},{"bookingid":4394},{"bookingid":1227},{"bookingid":1583},{"bookingid":2248},{"bookingid":993},{"bookingid":4318},{"bookingid":4627},{"bookingid":1332},{"bookingid":1107},{"bookingid":3471},{"bookingid":114},{"bookingid":3289},{"bookingid":1372},{"bookingid":2957},{"bookingid":1620},{"bookingid":2362},{"bookingid":895},{"bookingid":4804},{"bookingid":84},{"bookingid":2760},{"bookingid":3952},{"bookingid":2162},{"bookingid":246},{"bookingid":1016},{"bookingid":129},{"bookingid":1789},{"bookingid":1697},{"bookingid":3780},{"bookingid":503},{"bookingid":1489},{"bookingid":4312},{"bookingid":3521},{"bookingid":4834},{"bookingid":1766},{"bookingid":272},{"bookingid":696},{"bookingid":4581},{"bookingid":1197},{"bookingid":1910},{"bookingid":2613},{"bookingid":1605},{"bookingid":4284},{"bookingid":1213},{"bookingid":160},{"bookingid":2748},{"bookingid":3330},{"bookingid":4620},{"bookingid":4542},{"bookingid":2230},{"bookingid":3275},{"bookingid":3613},{"bookingid":1596},{"bookingid":1191},{"bookingid":3730},{"bookingid":901},{"bookingid":2608},{"bookingid":3032},{"bookingid":610},{"bookingid":4712},{"bookingid":1589},{"bookingid":1017},{"bookingid":1628},{"bookingid":375},{"bookingid":2990},{"bookingid":4244},{"bookingid":1114},{"bookingid":4017},{"bookingid":573},{"bookingid":52},{"bookingid":1591},{"bookingid":1... (set the log level to DEBUG or TRACE to see the full content) 
 </msg>
<msg time="2024-02-09T21:49:42.901827" level="INFO">${response} = &lt;Response [200]&gt;</msg>
<var>${response}</var>
<arg>url=${BASE_URL}/booking</arg>
<doc>Sends a GET request.</doc>
<status status="PASS" start="2024-02-09T21:49:42.179827" elapsed="0.723000"/>
</kw>
<return>
<value>${response}</value>
<status status="PASS" start="2024-02-09T21:49:42.902827" elapsed="0.001000"/>
</return>
<msg time="2024-02-09T21:49:42.904830" level="INFO">${response} = &lt;Response [200]&gt;</msg>
<var>${response}</var>
<status status="PASS" start="2024-02-09T21:49:42.178827" elapsed="0.727003"/>
</kw>
<kw name="Select Random BookingId From Json" owner="common">
<kw name="Evaluate" owner="BuiltIn">
<msg time="2024-02-09T21:49:42.916033" level="INFO">${bookingid} = 1488</msg>
<var>${bookingid}</var>
<arg>random.choice($response.json())['bookingid']</arg>
<arg>modules=random</arg>
<doc>Evaluates the given expression in Python and returns the result.</doc>
<status status="PASS" start="2024-02-09T21:49:42.909830" elapsed="0.006203"/>
</kw>
<return>
<value>${bookingid}</value>
<status status="PASS" start="2024-02-09T21:49:42.916934" elapsed="0.000000"/>
</return>
<msg time="2024-02-09T21:49:42.918025" level="INFO">${id} = 1488</msg>
<var>${id}</var>
<arg>${response}</arg>
<status status="PASS" start="2024-02-09T21:49:42.907828" elapsed="0.010197"/>
</kw>
<kw name="GET /booking/${id}" owner="common" source_name="GET /booking/${id}">
<kw name="GET" owner="RequestsLibrary">
<msg time="2024-02-09T21:49:43.385204" level="INFO">GET Request : url=https://restful-booker.herokuapp.com/booking/1488 
 path_url=/booking/1488 
 headers={'User-Agent': 'python-requests/2.31.0', 'Accept-Encoding': 'gzip, deflate', 'Accept': '*/*', 'Connection': 'keep-alive'} 
 body=None 
 </msg>
<msg time="2024-02-09T21:49:43.386075" level="INFO">GET Response : url=https://restful-booker.herokuapp.com/booking/1488 
 status=200, reason=OK 
 headers={'Server': 'Cowboy', 'Report-To': '{"group":"heroku-nel","max_age":3600,"endpoints":[{"url":"https://nel.heroku.com/reports?ts=1707515383&amp;sid=c46efe9b-d3d2-4a0c-8c76-bfafa16c5add&amp;s=jgApJN6g%2FNb9IYYZ5XgiMZ5MZhIHXp4pQ92l%2BrWVaGg%3D"}]}', 'Reporting-Endpoints': 'heroku-nel=https://nel.heroku.com/reports?ts=1707515383&amp;sid=c46efe9b-d3d2-4a0c-8c76-bfafa16c5add&amp;s=jgApJN6g%2FNb9IYYZ5XgiMZ5MZhIHXp4pQ92l%2BrWVaGg%3D', 'Nel': '{"report_to":"heroku-nel","max_age":3600,"success_fraction":0.005,"failure_fraction":0.05,"response_headers":["Via"]}', 'Connection': 'keep-alive', 'X-Powered-By': 'Express', 'Content-Type': 'application/json; charset=utf-8', 'Content-Length': '171', 'Etag': 'W/"ab-MG4aCOdqq15ogV4Uqb+rfjZOkQk"', 'Date': 'Fri, 09 Feb 2024 21:49:43 GMT', 'Via': '1.1 vegur'} 
 body={"firstname":"Josh","lastname":"Allen","totalprice":111,"depositpaid":true,"bookingdates":{"checkin":"2018-01-01","checkout":"2019-01-01"},"additionalneeds":"super bowls"} 
 </msg>
<msg time="2024-02-09T21:49:43.387074" level="INFO">${response} = &lt;Response [200]&gt;</msg>
<var>${response}</var>
<arg>url=${BASE_URL}/booking/${id}</arg>
<doc>Sends a GET request.</doc>
<status status="PASS" start="2024-02-09T21:49:42.920936" elapsed="0.467138"/>
</kw>
<return>
<value>${response}</value>
<status status="PASS" start="2024-02-09T21:49:43.388074" elapsed="0.001001"/>
</return>
<msg time="2024-02-09T21:49:43.390076" level="INFO">${response} = &lt;Response [200]&gt;</msg>
<var>${response}</var>
<status status="PASS" start="2024-02-09T21:49:42.919933" elapsed="0.470143"/>
</kw>
<kw name="Status Should Be" owner="RequestsLibrary">
<arg>200</arg>
<doc>Fails if response status code is different than the expected.</doc>
<status status="PASS" start="2024-02-09T21:49:43.402581" elapsed="0.000000"/>
</kw>
<kw name="Validate Json" owner="common">
<kw name="Validate Json By Schema File" owner="JSONLibrary">
<arg>${response.json()}</arg>
<arg>${CONTRACT_DIR}${/}${filename}</arg>
<doc>Validate json object by json schema file.
Arguments:
    - json_object: json as a dictionary object.
    - json_path: path to file with json schema</doc>
<status status="PASS" start="2024-02-09T21:49:43.404578" elapsed="0.004997"/>
</kw>
<arg>${response}</arg>
<arg>GetBookingIds.json</arg>
<status status="PASS" start="2024-02-09T21:49:43.402581" elapsed="0.007996"/>
</kw>
<status status="PASS" start="2024-02-09T21:49:42.176829" elapsed="1.233748"/>
</test>
<status status="PASS" start="2024-02-09T21:49:41.969304" elapsed="1.443270"/>
</suite>
<status status="PASS" start="2024-02-09T21:49:41.942954" elapsed="1.474301"/>
</suite>
<statistics>
<total>
<stat pass="1" fail="0" skip="0">All Tests</stat>
</total>
<tag>
</tag>
<suite>
<stat pass="1" fail="0" skip="0" id="s1" name="AutomatizaTestesAPI">AutomatizaTestesAPI</stat>
<stat pass="1" fail="0" skip="0" id="s1-s1" name="Booking">AutomatizaTestesAPI.Booking</stat>
</suite>
</statistics>
<errors>
</errors>
</robot>
