<?xml version="1.0" encoding="UTF-8"?>
<robot generator="Robot 7.0 (Python 3.11.1 on win32)" generated="2024-02-11T17:37:49.240238" rpa="false" schemaversion="5">
<suite id="s1" name="AutomatizaTestesAPI" source="C:\Users\silviaz\OneDrive\Documentos\repositorios\AutomatizaTestesAPI">
<suite id="s1-s1" name="Booking" source="C:\Users\silviaz\OneDrive\Documentos\repositorios\AutomatizaTestesAPI\booking.robot">
<test id="s1-s1-t1" name="TC5: criar reserva" line="42">
<kw name="POST /booking" owner="common">
<kw name="Load Json From File" owner="JSONLibrary">
<msg time="2024-02-11T17:37:49.476796" level="INFO">${body} = {'firstname': 'Ana', 'lastname': 'Rosa', 'totalprice': 2222, 'depositpaid': False, 'bookingdates': {'checkin': '2024-01-01', 'checkout': '2024-02-01'}, 'additionalneeds': 'Parking'}</msg>
<var>${body}</var>
<arg>${PAYLOAD_DIR}${/}${filename}</arg>
<doc>Load JSON from file.</doc>
<status status="PASS" start="2024-02-11T17:37:49.474686" elapsed="0.002110"/>
</kw>
<kw name="POST" owner="RequestsLibrary">
<msg time="2024-02-11T17:37:49.960985" level="INFO">POST Request : url=https://restful-booker.herokuapp.com/booking 
 path_url=/booking 
 headers={'User-Agent': 'python-requests/2.31.0', 'Accept-Encoding': 'gzip, deflate', 'Accept': '*/*', 'Connection': 'keep-alive', 'Content-Length': '181', 'Content-Type': 'application/json'} 
 body=b'{"firstname": "Ana", "lastname": "Rosa", "totalprice": 2222, "depositpaid": false, "bookingdates": {"checkin": "2024-01-01", "checkout": "2024-02-01"}, "additionalneeds": "Parking"}' 
 </msg>
<msg time="2024-02-11T17:37:49.962080" level="INFO">POST Response : url=https://restful-booker.herokuapp.com/booking 
 status=200, reason=OK 
 headers={'Server': 'Cowboy', 'Report-To': '{"group":"heroku-nel","max_age":3600,"endpoints":[{"url":"https://nel.heroku.com/reports?ts=1707673063&amp;sid=c46efe9b-d3d2-4a0c-8c76-bfafa16c5add&amp;s=%2FFHSr01v%2FdxPLQl5dzsoBJ47Hd4vDXrWu5ObihC7K6g%3D"}]}', 'Reporting-Endpoints': 'heroku-nel=https://nel.heroku.com/reports?ts=1707673063&amp;sid=c46efe9b-d3d2-4a0c-8c76-bfafa16c5add&amp;s=%2FFHSr01v%2FdxPLQl5dzsoBJ47Hd4vDXrWu5ObihC7K6g%3D', 'Nel': '{"report_to":"heroku-nel","max_age":3600,"success_fraction":0.005,"failure_fraction":0.05,"response_headers":["Via"]}', 'Connection': 'keep-alive', 'X-Powered-By': 'Express', 'Content-Type': 'application/json; charset=utf-8', 'Content-Length': '196', 'Etag': 'W/"c4-jablQ5kfrilmnz+e2sZLWA01hmI"', 'Date': 'Sun, 11 Feb 2024 17:37:43 GMT', 'Via': '1.1 vegur'} 
 body={"bookingid":3178,"booking":{"firstname":"Ana","lastname":"Rosa","totalprice":2222,"depositpaid":false,"bookingdates":{"checkin":"2024-01-01","checkout":"2024-02-01"},"additionalneeds":"Parking"}} 
 </msg>
<msg time="2024-02-11T17:37:49.962080" level="INFO">${response} = &lt;Response [200]&gt;</msg>
<var>${response}</var>
<arg>url=${BASE_URL}/booking</arg>
<arg>json=${body}</arg>
<doc>Sends a POST request.</doc>
<status status="PASS" start="2024-02-11T17:37:49.476796" elapsed="0.485284"/>
</kw>
<return>
<value>${response}</value>
<status status="PASS" start="2024-02-11T17:37:49.962991" elapsed="0.001003"/>
</return>
<msg time="2024-02-11T17:37:49.964984" level="INFO">${response} = &lt;Response [200]&gt;</msg>
<var>${response}</var>
<arg>PostBooking.json</arg>
<status status="PASS" start="2024-02-11T17:37:49.473683" elapsed="0.491301"/>
</kw>
<kw name="Status Should Be" owner="RequestsLibrary">
<arg>200</arg>
<doc>Fails if response status code is different than the expected.</doc>
<status status="PASS" start="2024-02-11T17:37:49.966986" elapsed="0.000997"/>
</kw>
<kw name="Validate Json" owner="common">
<kw name="Validate Json By Schema File" owner="JSONLibrary">
<arg>${response.json()}</arg>
<arg>${CONTRACT_DIR}${/}${filename}</arg>
<doc>Validate json object by json schema file.
Arguments:
    - json_object: json as a dictionary object.
    - json_path: path to file with json schema</doc>
<status status="PASS" start="2024-02-11T17:37:49.968424" elapsed="0.015351"/>
</kw>
<arg>${response}</arg>
<arg>CreateBooking.json</arg>
<status status="PASS" start="2024-02-11T17:37:49.968424" elapsed="0.015351"/>
</kw>
<kw name="Set Variable" owner="BuiltIn">
<msg time="2024-02-11T17:37:49.984777" level="INFO">${id} = 3178</msg>
<var>${id}</var>
<arg>${response.json()}[bookingid]</arg>
<doc>Returns the given values which can then be assigned to a variables.</doc>
<status status="PASS" start="2024-02-11T17:37:49.984777" elapsed="0.000000"/>
</kw>
<kw name="Set Variable" owner="BuiltIn">
<msg time="2024-02-11T17:37:49.986284" level="INFO">${booking} = {'firstname': 'Ana', 'lastname': 'Rosa', 'totalprice': 2222, 'depositpaid': False, 'bookingdates': {'checkin': '2024-01-01', 'checkout': '2024-02-01'}, 'additionalneeds': 'Parking'}</msg>
<var>${booking}</var>
<arg>${response.json()}[booking]</arg>
<doc>Returns the given values which can then be assigned to a variables.</doc>
<status status="PASS" start="2024-02-11T17:37:49.986284" elapsed="0.001005"/>
</kw>
<kw name="GET /booking/${id}" owner="common" source_name="GET /booking/${id}">
<kw name="GET" owner="RequestsLibrary">
<msg time="2024-02-11T17:37:50.419766" level="INFO">GET Request : url=https://restful-booker.herokuapp.com/booking/3178 
 path_url=/booking/3178 
 headers={'User-Agent': 'python-requests/2.31.0', 'Accept-Encoding': 'gzip, deflate', 'Accept': '*/*', 'Connection': 'keep-alive'} 
 body=None 
 </msg>
<msg time="2024-02-11T17:37:50.419766" level="INFO">GET Response : url=https://restful-booker.herokuapp.com/booking/3178 
 status=200, reason=OK 
 headers={'Server': 'Cowboy', 'Report-To': '{"group":"heroku-nel","max_age":3600,"endpoints":[{"url":"https://nel.heroku.com/reports?ts=1707673063&amp;sid=c46efe9b-d3d2-4a0c-8c76-bfafa16c5add&amp;s=%2FFHSr01v%2FdxPLQl5dzsoBJ47Hd4vDXrWu5ObihC7K6g%3D"}]}', 'Reporting-Endpoints': 'heroku-nel=https://nel.heroku.com/reports?ts=1707673063&amp;sid=c46efe9b-d3d2-4a0c-8c76-bfafa16c5add&amp;s=%2FFHSr01v%2FdxPLQl5dzsoBJ47Hd4vDXrWu5ObihC7K6g%3D', 'Nel': '{"report_to":"heroku-nel","max_age":3600,"success_fraction":0.005,"failure_fraction":0.05,"response_headers":["Via"]}', 'Connection': 'keep-alive', 'X-Powered-By': 'Express', 'Content-Type': 'application/json; charset=utf-8', 'Content-Length': '167', 'Etag': 'W/"a7-TmHZsJx50fQUdnE7BcJefH5JOgA"', 'Date': 'Sun, 11 Feb 2024 17:37:43 GMT', 'Via': '1.1 vegur'} 
 body={"firstname":"Ana","lastname":"Rosa","totalprice":2222,"depositpaid":false,"bookingdates":{"checkin":"2024-01-01","checkout":"2024-02-01"},"additionalneeds":"Parking"} 
 </msg>
<msg time="2024-02-11T17:37:50.419766" level="INFO">${response} = &lt;Response [200]&gt;</msg>
<var>${response}</var>
<arg>url=${BASE_URL}/booking/${id}</arg>
<doc>Sends a GET request.</doc>
<status status="PASS" start="2024-02-11T17:37:49.988625" elapsed="0.431141"/>
</kw>
<return>
<value>${response}</value>
<status status="PASS" start="2024-02-11T17:37:50.420763" elapsed="0.000000"/>
</return>
<msg time="2024-02-11T17:37:50.420763" level="INFO">${response} = &lt;Response [200]&gt;</msg>
<var>${response}</var>
<status status="PASS" start="2024-02-11T17:37:49.987578" elapsed="0.433185"/>
</kw>
<kw name="Status Should Be" owner="RequestsLibrary">
<arg>200</arg>
<doc>Fails if response status code is different than the expected.</doc>
<status status="PASS" start="2024-02-11T17:37:50.421764" elapsed="0.000000"/>
</kw>
<kw name="Dictionaries Should Be Equal" owner="Collections">
<msg time="2024-02-11T17:37:50.423762" level="INFO">False</msg>
<arg>${booking}</arg>
<arg>${response.json()}</arg>
<doc>Fails if the given dictionaries are not equal.</doc>
<status status="PASS" start="2024-02-11T17:37:50.422763" elapsed="0.000999"/>
</kw>
<status status="PASS" start="2024-02-11T17:37:49.472684" elapsed="0.952078"/>
</test>
<status status="PASS" start="2024-02-11T17:37:49.282041" elapsed="1.145006"/>
</suite>
<status status="PASS" start="2024-02-11T17:37:49.246627" elapsed="1.182426"/>
</suite>
<statistics>
<total>
<stat pass="1" fail="0" skip="0">All Tests</stat>
</total>
<tag>
</tag>
<suite>
<stat pass="1" fail="0" skip="0" id="s1" name="AutomatizaTestesAPI">AutomatizaTestesAPI</stat>
<stat pass="1" fail="0" skip="0" id="s1-s1" name="Booking">AutomatizaTestesAPI.Booking</stat>
</suite>
</statistics>
<errors>
</errors>
</robot>
