<?xml version="1.0" encoding="UTF-8"?>
<robot generator="Robot 7.0 (Python 3.11.1 on win32)" generated="2024-02-09T21:36:48.179442" rpa="false" schemaversion="5">
<suite id="s1" name="AutomatizaTestesAPI" source="C:\Users\silviaz\OneDrive\Documentos\repositorios\AutomatizaTestesAPI">
<suite id="s1-s1" name="Booking" source="C:\Users\silviaz\OneDrive\Documentos\repositorios\AutomatizaTestesAPI\booking.robot">
<test id="s1-s1-t1" name="TC 3: obter reserva por ID" line="11">
<kw name="GET /booking/1" owner="common" source_name="GET /booking/${id}">
<kw name="GET" owner="RequestsLibrary">
<msg time="2024-02-09T21:36:48.995771" level="INFO">GET Request : url=https://restful-booker.herokuapp.com/booking/1 
 path_url=/booking/1 
 headers={'User-Agent': 'python-requests/2.31.0', 'Accept-Encoding': 'gzip, deflate', 'Accept': '*/*', 'Connection': 'keep-alive'} 
 body=None 
 </msg>
<msg time="2024-02-09T21:36:48.997682" level="INFO">GET Response : url=https://restful-booker.herokuapp.com/booking/1 
 status=200, reason=OK 
 headers={'Server': 'Cowboy', 'Report-To': '{"group":"heroku-nel","max_age":3600,"endpoints":[{"url":"https://nel.heroku.com/reports?ts=1707514603&amp;sid=c46efe9b-d3d2-4a0c-8c76-bfafa16c5add&amp;s=OIpdFMHMhg0esaeKkG4gU57M0KmrSM5Z02NC%2FlCtq40%3D"}]}', 'Reporting-Endpoints': 'heroku-nel=https://nel.heroku.com/reports?ts=1707514603&amp;sid=c46efe9b-d3d2-4a0c-8c76-bfafa16c5add&amp;s=OIpdFMHMhg0esaeKkG4gU57M0KmrSM5Z02NC%2FlCtq40%3D', 'Nel': '{"report_to":"heroku-nel","max_age":3600,"success_fraction":0.005,"failure_fraction":0.05,"response_headers":["Via"]}', 'Connection': 'keep-alive', 'X-Powered-By': 'Express', 'Content-Type': 'application/json; charset=utf-8', 'Content-Length': '171', 'Etag': 'W/"ab-wf9MtA3uBzsQKRzqbOCYUrv6k1E"', 'Date': 'Fri, 09 Feb 2024 21:36:43 GMT', 'Via': '1.1 vegur'} 
 body={"firstname":"Sally","lastname":"Jones","totalprice":837,"depositpaid":false,"bookingdates":{"checkin":"2018-08-25","checkout":"2021-04-04"},"additionalneeds":"Breakfast"} 
 </msg>
<msg time="2024-02-09T21:36:48.998737" level="INFO">${response} = &lt;Response [200]&gt;</msg>
<var>${response}</var>
<arg>url=${BASE_URL}/booking/${id}</arg>
<doc>Sends a GET request.</doc>
<status status="PASS" start="2024-02-09T21:36:48.497651" elapsed="0.502033"/>
</kw>
<return>
<value>${response}</value>
<status status="PASS" start="2024-02-09T21:36:49.000690" elapsed="0.000000"/>
</return>
<msg time="2024-02-09T21:36:49.001683" level="INFO">${response} = &lt;Response [200]&gt;</msg>
<var>${response}</var>
<status status="PASS" start="2024-02-09T21:36:48.495691" elapsed="0.506991"/>
</kw>
<status status="PASS" start="2024-02-09T21:36:48.494643" elapsed="0.509039"/>
</test>
<status status="PASS" start="2024-02-09T21:36:48.274567" elapsed="0.734113"/>
</suite>
<status status="PASS" start="2024-02-09T21:36:48.185851" elapsed="0.827828"/>
</suite>
<statistics>
<total>
<stat pass="1" fail="0" skip="0">All Tests</stat>
</total>
<tag>
</tag>
<suite>
<stat pass="1" fail="0" skip="0" id="s1" name="AutomatizaTestesAPI">AutomatizaTestesAPI</stat>
<stat pass="1" fail="0" skip="0" id="s1-s1" name="Booking">AutomatizaTestesAPI.Booking</stat>
</suite>
</statistics>
<errors>
</errors>
</robot>
