<?xml version="1.0" encoding="UTF-8"?>
<robot generator="Robot 7.0 (Python 3.11.1 on win32)" generated="2024-02-11T21:01:33.075601" rpa="false" schemaversion="5">
<suite id="s1" name="AutomatizaTestesAPI" source="C:\Users\silviaz\OneDrive\Documentos\repositorios\AutomatizaTestesAPI">
<suite id="s1-s1" name="Booking" source="C:\Users\silviaz\OneDrive\Documentos\repositorios\AutomatizaTestesAPI\booking.robot">
<test id="s1-s1-t1" name="TC6: editar reserva" line="56">
<kw name="Wrapper POST /auth" owner="common" type="SETUP">
<kw name="POST /auth" owner="common">
<kw name="Load Json From File" owner="JSONLibrary">
<msg time="2024-02-11T21:01:33.319836" level="INFO">${body} = {'username': 'admin', 'password': 'password123'}</msg>
<var>${body}</var>
<arg>${PAYLOAD_DIR}${/}${filename}</arg>
<doc>Load JSON from file.</doc>
<status status="PASS" start="2024-02-11T21:01:33.318835" elapsed="0.001001"/>
</kw>
<kw name="POST" owner="RequestsLibrary">
<msg time="2024-02-11T21:01:33.817166" level="INFO">POST Request : url=https://restful-booker.herokuapp.com/auth 
 path_url=/auth 
 headers={'User-Agent': 'python-requests/2.31.0', 'Accept-Encoding': 'gzip, deflate', 'Accept': '*/*', 'Connection': 'keep-alive', 'Content-Length': '48', 'Content-Type': 'application/json'} 
 body=b'{"username": "admin", "password": "password123"}' 
 </msg>
<msg time="2024-02-11T21:01:33.818165" level="INFO">POST Response : url=https://restful-booker.herokuapp.com/auth 
 status=200, reason=OK 
 headers={'Server': 'Cowboy', 'Report-To': '{"group":"heroku-nel","max_age":3600,"endpoints":[{"url":"https://nel.heroku.com/reports?ts=1707685286&amp;sid=c46efe9b-d3d2-4a0c-8c76-bfafa16c5add&amp;s=HFZY3ZXsEjMNkG5DV7KuVCxjXybdKDl8tOIe4gBUGPk%3D"}]}', 'Reporting-Endpoints': 'heroku-nel=https://nel.heroku.com/reports?ts=1707685286&amp;sid=c46efe9b-d3d2-4a0c-8c76-bfafa16c5add&amp;s=HFZY3ZXsEjMNkG5DV7KuVCxjXybdKDl8tOIe4gBUGPk%3D', 'Nel': '{"report_to":"heroku-nel","max_age":3600,"success_fraction":0.005,"failure_fraction":0.05,"response_headers":["Via"]}', 'Connection': 'keep-alive', 'X-Powered-By': 'Express', 'Content-Type': 'application/json; charset=utf-8', 'Content-Length': '27', 'Etag': 'W/"1b-5Q9NV8c7sB/UNlcASHK9p0m88e4"', 'Date': 'Sun, 11 Feb 2024 21:01:26 GMT', 'Via': '1.1 vegur'} 
 body={"token":"7464a17f01ccf9a"} 
 </msg>
<msg time="2024-02-11T21:01:33.818165" level="INFO">${response} = &lt;Response [200]&gt;</msg>
<var>${response}</var>
<arg>url=${BASE_URL}/auth</arg>
<arg>json=${body}</arg>
<doc>Sends a POST request.</doc>
<status status="PASS" start="2024-02-11T21:01:33.319836" elapsed="0.498329"/>
</kw>
<return>
<value>${response}</value>
<status status="PASS" start="2024-02-11T21:01:33.819165" elapsed="0.000992"/>
</return>
<msg time="2024-02-11T21:01:33.820157" level="INFO">${response} = &lt;Response [200]&gt;</msg>
<var>${response}</var>
<arg>PostAuthValid.json</arg>
<status status="PASS" start="2024-02-11T21:01:33.317843" elapsed="0.503311"/>
</kw>
<kw name="Set Variable" owner="BuiltIn">
<msg time="2024-02-11T21:01:33.823154" level="INFO">${TOKEN} = 7464a17f01ccf9a</msg>
<var>${TOKEN}</var>
<arg>${response.json()}[token]</arg>
<doc>Returns the given values which can then be assigned to a variables.</doc>
<status status="PASS" start="2024-02-11T21:01:33.821154" elapsed="0.003000"/>
</kw>
<kw name="Set Test Variable" owner="BuiltIn">
<msg time="2024-02-11T21:01:33.825203" level="INFO">${TOKEN} = 7464a17f01ccf9a</msg>
<arg>${TOKEN}</arg>
<doc>Makes a variable available everywhere within the scope of the current test.</doc>
<status status="PASS" start="2024-02-11T21:01:33.824154" elapsed="0.002011"/>
</kw>
<status status="PASS" start="2024-02-11T21:01:33.316897" elapsed="0.510344"/>
</kw>
<kw name="GET /booking" owner="common">
<kw name="GET" owner="RequestsLibrary">
<msg time="2024-02-11T21:01:34.499731" level="INFO">GET Request : url=https://restful-booker.herokuapp.com/booking 
 path_url=/booking 
 headers={'User-Agent': 'python-requests/2.31.0', 'Accept-Encoding': 'gzip, deflate', 'Accept': '*/*', 'Connection': 'keep-alive'} 
 body=None 
 </msg>
<msg time="2024-02-11T21:01:34.500733" level="INFO">GET Response : url=https://restful-booker.herokuapp.com/booking 
 status=200, reason=OK 
 headers={'Server': 'Cowboy', 'Report-To': '{"group":"heroku-nel","max_age":3600,"endpoints":[{"url":"https://nel.heroku.com/reports?ts=1707685287&amp;sid=c46efe9b-d3d2-4a0c-8c76-bfafa16c5add&amp;s=6hZUkDAAyKj%2F8mncTwmhPvcubwaJzR7MDaqs0Grmmdw%3D"}]}', 'Reporting-Endpoints': 'heroku-nel=https://nel.heroku.com/reports?ts=1707685287&amp;sid=c46efe9b-d3d2-4a0c-8c76-bfafa16c5add&amp;s=6hZUkDAAyKj%2F8mncTwmhPvcubwaJzR7MDaqs0Grmmdw%3D', 'Nel': '{"report_to":"heroku-nel","max_age":3600,"success_fraction":0.005,"failure_fraction":0.05,"response_headers":["Via"]}', 'Connection': 'keep-alive', 'X-Powered-By': 'Express', 'Content-Type': 'application/json; charset=utf-8', 'Content-Length': '68346', 'Etag': 'W/"10afa-jWVGBEvGwAO+i2FrvOePiqwnAq8"', 'Date': 'Sun, 11 Feb 2024 21:01:27 GMT', 'Via': '1.1 vegur'} 
 body=[{"bookingid":1838},{"bookingid":2068},{"bookingid":670},{"bookingid":2264},{"bookingid":2757},{"bookingid":4540},{"bookingid":87},{"bookingid":4527},{"bookingid":469},{"bookingid":3572},{"bookingid":405},{"bookingid":1529},{"bookingid":1250},{"bookingid":2618},{"bookingid":13},{"bookingid":4029},{"bookingid":495},{"bookingid":2859},{"bookingid":3958},{"bookingid":2896},{"bookingid":1813},{"bookingid":5057},{"bookingid":1104},{"bookingid":3434},{"bookingid":3720},{"bookingid":5267},{"bookingid":315},{"bookingid":1079},{"bookingid":3445},{"bookingid":3151},{"bookingid":1356},{"bookingid":2966},{"bookingid":2635},{"bookingid":437},{"bookingid":84},{"bookingid":804},{"bookingid":4654},{"bookingid":4326},{"bookingid":503},{"bookingid":814},{"bookingid":3052},{"bookingid":3234},{"bookingid":3261},{"bookingid":1884},{"bookingid":3058},{"bookingid":1455},{"bookingid":3364},{"bookingid":1264},{"bookingid":581},{"bookingid":4784},{"bookingid":2526},{"bookingid":4685},{"bookingid":2557},{"bookingid":2305},{"bookingid":1930},{"bookingid":4639},{"bookingid":1924},{"bookingid":3753},{"bookingid":1329},{"bookingid":148},{"bookingid":3091},{"bookingid":4152},{"bookingid":3678},{"bookingid":4315},{"bookingid":3336},{"bookingid":1265},{"bookingid":2444},{"bookingid":1271},{"bookingid":2552},{"bookingid":2536},{"bookingid":4947},{"bookingid":2937},{"bookingid":1367},{"bookingid":2788},{"bookingid":601},{"bookingid":16},{"bookingid":1135},{"bookingid":1980},{"bookingid":214},{"bookingid":5037},{"bookingid":1044},{"bookingid":5055},{"bookingid":317},{"bookingid":2606},{"bookingid":2488},{"bookingid":1885},{"bookingid":2770},{"bookingid":3889},{"bookingid":2382},{"bookingid":3584},{"bookingid":4555},{"bookingid":2877},{"bookingid":4891},{"bookingid":3304},{"bookingid":4627},{"bookingid":1692},{"bookingid":1808},{"bookingid":3028},{"bookingid":4094},{"bookingid":1097},{"bookingid":1461},{"bookingid":2377},{"bookingid":3285},{"bookingid":5345},{"bookingid":5020},{"bookingid":2452},{"bookingid":1186},{"bookingid":1514},{"bookingid":3885},{"bookingid":1181},{"bookingid":596},{"bookingid":31},{"bookingid":1936},{"bookingid":3370},{"bookingid":1393},{"bookingid":1784},{"bookingid":4314},{"bookingid":2679},{"bookingid":712},{"bookingid":2387},{"bookingid":2419},{"bookingid":3441},{"bookingid":1978},{"bookingid":2795},{"bookingid":514},{"bookingid":970},{"bookingid":164},{"bookingid":1848},{"bookingid":3427},{"bookingid":3430},{"bookingid":3165},{"bookingid":3473},{"bookingid":2057},{"bookingid":4969},{"bookingid":4345},{"bookingid":3159},{"bookingid":2598},{"bookingid":3009},{"bookingid":615},{"bookingid":5079},{"bookingid":3760},{"bookingid":4407},{"bookingid":3545},{"bookingid":3517},{"bookingid":4247},{"bookingid":2086},{"bookingid":2162},{"bookingid":2483},{"bookingid":2297},{"bookingid":4447},{"bookingid":3046},{"bookingid":2048},{"bookingid":5331},{"bookingid":2532},{"bookingid":4829},{"bookingid":386},{"bookingid":746},{"bookingid":4295},{"bookingid":130},{"bookingid":1988},{"bookingid":1748},{"bookingid":884},{"bookingid":3084},{"bookingid":2837},{"bookingid":1437},{"bookingid":2918},{"bookingid":234},{"bookingid":4252},{"bookingid":1101},{"bookingid":4633},{"bookingid":17},{"bookingid":2871},{"bookingid":653},{"bookingid":1916},{"bookingid":655},{"bookingid":3027},{"bookingid":3967},{"bookingid":2754},{"bookingid":4897},{"bookingid":2838},{"bookingid":3656},{"bookingid":3689},{"bookingid":534},{"bookingid":2361},{"bookingid":94},{"bookingid":2120},{"bookingid":98},{"bookingid":3076},{"bookingid":4781},{"bookingid":4071},{"bookingid":3004},{"bookingid":5081},{"bookingid":1755},{"bookingid":4239},{"bookingid":2174},{"bookingid":177},{"bookingid":2470},{"bookingid":1177},{"bookingid":3509},{"bookingid":4207},{"bookingid":1267},{"bookingid":4767},{"bookingid":1443},{"bookingid":2032},{"bookingid":4841},{"bookingid":2811},{"bookingid":5075},{"bookingid":5154},{"bookingid":4232},{"bookingid":3932},{"bookingid":4722},{"bookingid":4091},{"bookingid":3724},{"bookingid":1276},{"bookingid":2843},{"bookingid":1129},{"bookingid":4660},{"bookingid":886},{"bookingid":830},{"bookingid":2504},{"bookingid":2352},{"bookingid":3374},{"bookingid":4731},{"bookingid":961},{"bookingid":1796},{"bookingid":4759},{"bookingid":38},{"bookingid":112},{"bookingid":353},{"bookingid":5336},{"bookingid":1170},{"bookingid":809},{"bookingid":678},{"bookingid":4949},{"bookingid":3442},{"bookingid":1791},{"bookingid":4485},{"bookingid":191},{"bookingid":265},{"bookingid":2695},{"bookingid":4526},{"bookingid":3640},{"bookingid":2130},{"bookingid":885},{"bookingid":2430},{"bookingid":5139},{"bookingid":2013},{"bookingid":3013},{"bookingid":5213},{"bookingid":3025},{"bookingid":2257},{"bookingid":5320},{"bookingid":4266},{"bookingid":3171},{"bookingid":4788},{"bookingid":2083},{"bookingid":3112},{"bookingid":4916},{"bookingid":846},{"bookingid":1030},{"bookingid":5333},{"bookingid":1522},{"bookingid":5210},{"bookingid":3658},{"bookingid":5013},{"bookingid":406},{"bookingid":2801},{"bookingid":412},{"bookingid":2726},{"bookingid":1968},{"bookingid":2861},{"bookingid":18},{"bookingid":2637},{"bookingid":5282},{"bookingid":4190},{"bookingid":627},{"bookingid":3915},{"bookingid":976},{"bookingid":4386},{"bookingid":1266},{"bookingid":762},{"bookingid":4074},{"bookingid":2845},{"bookingid":5309},{"bookingid":3007},{"bookingid":524},{"bookingid":664},{"bookingid":2556},{"bookingid":4352},{"bookingid":2397},{"bookingid":5279},{"bookingid":3300},{"bookingid":4200},{"bookingid":1746},{"bookingid":4059},{"bookingid":4740},{"bookingid":2154},{"bookingid":2469},{"bookingid":2200},{"bookingid":3667},{"bookingid":4022},{"bookingid":3751},{"bookingid":1549},{"bookingid":3468},{"bookingid":820},{"bookingid":2615},{"bookingid":956},{"bookingid":1704},{"bookingid":3877},{"bookingid":95},{"bookingid":351},{"bookingid":3554},{"bookingid":4351},{"bookingid":3373},{"bookingid":5009},{"bookingid":1747},{"bookingid":4609},{"bookingid":2876},{"bookingid":4586},{"bookingid":3613},{"bookingid":4625},{"bookingid":2491},{"bookingid":1985},{"bookingid":3507},{"bookingid":4079},{"bookingid":1045},{"bookingid":1366},{"bookingid":3607},{"bookingid":2621},{"bookingid":4132},{"bookingid":866},{"bookingid":2969},{"bookingid":4752},{"bookingid":3927},{"bookingid":3231},{"bookingid":842},{"bookingid":2077},{"bookingid":5053},{"bookingid":1420},{"bookingid":2302},{"bookingid":1448},{"bookingid":4354},{"bookingid":1100},{"bookingid":1673},{"bookingid":1937},{"bookingid":1006},{"bookingid":3464},{"bookingid":1155},{"bookingid":4807},{"bookingid":3549},{"bookingid":1411},{"bookingid":4107},{"bookingid":2126},{"bookingid":4482},{"bookingid":3734},{"bookingid":2943},{"bookingid":4346},{"bookingid":2462},{"bookingid":200},{"bookingid":612},{"bookingid":5016},{"bookingid":4},{"bookingid":1089},{"bookingid":5206},{"bookingid":2649},{"bookingid":648},{"bookingid":1185},{"bookingid":1362},{"bookingid":449},{"bookingid":1321},{"bookingid":3395},{"bookingid":2640},{"bookingid":903},{"bookingid":4092},{"bookingid":2135},{"bookingid":1440},{"bookingid":1471},{"bookingid":301},{"bookingid":5124},{"bookingid":417},{"bookingid":328},{"bookingid":1042},{"bookingid":1196},{"bookingid":2308},{"bookingid":3803},{"bookingid":3802},{"bookingid":1716},{"bookingid":537},{"bookingid":2849},{"bookingid":3168},{"bookingid":740},{"bookingid":370},{"bookingid":1417},{"bookingid":4979},{"bookingid":803},{"bookingid":1244},{"bookingid":1503},{"bookingid":186},{"bookingid":5311},{"bookingid":1651},{"bookingid":2003},{"bookingid":1727},{"bookingid":3858},{"bookingid":81},{"bookingid":2137},{"bookingid":783},{"bookingid":3463},{"bookingid":2448},{"bookingid":1665},{"bookingid":2342},{"bookingid":1497},{"bookingid":2744},{"bookingid":4167},{"bookingid":3999},{"bookingid":2468},{"bookingid":3154},{"bookingid":4620},{"bookingid":827},{"bookingid":366},{"bookingid":2979},{"bookingid":959},{"bookingid":4730},{"bookingid":1372},{"bookingid":3340},{"bookingid":4484},{"bookingid":2471},{"bookingid":2604},{"bookingid":785},{"bookingid":3041},{"bookingid":5088},{"bookingid":2274},{"bookingid":3623},{"bookingid":622},{"bookingid":1901},{"bookingid":1462},{"bookingid":3611},{"bookingid":4033},{"bookingid":1531},{"bookingid":496},{"bookingid":2701},{"bookingid":2765},{"bookingid":2198},{"bookingid":2208},{"bookingid":3505},{"bookingid":3752},{"bookingid":2360},{"bookingid":3849},{"bookingid":48},{"bookingid":4369},{"bookingid":990},{"bookingid":1900},{"bookingid":2634},{"bookingid":2049},{"bookingid":3475},{"bookingid":2251},{"bookingid":694},{"bookingid":2703},{"bookingid":446},{"bookingid":4850},{"bookingid":689},{"bookingid":2863},{"bookingid":634},{"bookingid":4520},{"bookingid":1649},{"bookingid":258},{"bookingid":588},{"bookingid":46},{"bookingid":1672},{"bookingid":3715},{"bookingid":754},{"bookingid":660},{"bookingid":1028},{"bookingid":1738},{"bookingid":4188},{"bookingid":4503},{"bookingid":3487},{"bookingid":3679},{"bookingid":3397},{"bookingid":1408},{"bookingid":4001},{"bookingid":1261},{"bookingid":3930},{"bookingid":2107},{"bookingid":5242},{"bookingid":4106},{"bookingid":844},{"bookingid":4676},{"bookingid":1169},{"bookingid":251},{"bookingid":408},{"bookingid":2438},{"bookingid":5104},{"bookingid":1473},{"bookingid":1041},{"bookingid":3686},{"bookingid":1179},{"bookingid":3492},{"bookingid":3606},{"bookingid":769},{"bookingid":2508},{"bookingid":289},{"bookingid":4943},{"bookingid":819},{"bookingid":4823},{"bookingid":4774},{"bookingid":4672},{"bookingid":3138},{"bookingid":5076},{"bookingid":1768},{"bookingid":2783},{"bookingid":304},{"bookingid":3851},{"bookingid":781},{"bookingid":2400},{"bookingid":2643},{"bookingid":379},{"bookingid":2080},{"bookingid":2572},{"bookingid":5035},{"bookingid":4794},{"bookingid":4699},{"bookingid":5166},{"bookingid":65},{"bookingid":2161},{"bookingid":392},{"bookingid":4412},{"bookingid":3292},{"bookingid":540},{"bookingid":2995},{"bookingid":4464},{"bookingid":4789},{"bookingid":1309},{"bookingid":404... (set the log level to DEBUG or TRACE to see the full content) 
 </msg>
<msg time="2024-02-11T21:01:34.501734" level="INFO">${response} = &lt;Response [200]&gt;</msg>
<var>${response}</var>
<arg>url=${BASE_URL}/booking</arg>
<doc>Sends a GET request.</doc>
<status status="PASS" start="2024-02-11T21:01:33.831157" elapsed="0.671575"/>
</kw>
<return>
<value>${response}</value>
<status status="PASS" start="2024-02-11T21:01:34.503733" elapsed="0.000000"/>
</return>
<msg time="2024-02-11T21:01:34.504733" level="INFO">${response} = &lt;Response [200]&gt;</msg>
<var>${response}</var>
<status status="PASS" start="2024-02-11T21:01:33.829158" elapsed="0.676577"/>
</kw>
<kw name="Select Random BookingId From Json" owner="common">
<kw name="Evaluate" owner="BuiltIn">
<msg time="2024-02-11T21:01:34.520178" level="INFO">${bookingid} = 353</msg>
<var>${bookingid}</var>
<arg>random.choice($response.json())['bookingid']</arg>
<arg>modules=random</arg>
<doc>Evaluates the given expression in Python and returns the result.</doc>
<status status="PASS" start="2024-02-11T21:01:34.510734" elapsed="0.009444"/>
</kw>
<return>
<value>${bookingid}</value>
<status status="PASS" start="2024-02-11T21:01:34.521175" elapsed="0.000905"/>
</return>
<msg time="2024-02-11T21:01:34.522080" level="INFO">${id} = 353</msg>
<var>${id}</var>
<arg>${response}</arg>
<status status="PASS" start="2024-02-11T21:01:34.507734" elapsed="0.015346"/>
</kw>
<kw name="GET /booking/${id}" owner="common" source_name="GET /booking/${id}">
<kw name="GET" owner="RequestsLibrary">
<msg time="2024-02-11T21:01:34.976687" level="INFO">GET Request : url=https://restful-booker.herokuapp.com/booking/353 
 path_url=/booking/353 
 headers={'User-Agent': 'python-requests/2.31.0', 'Accept-Encoding': 'gzip, deflate', 'Accept': '*/*', 'Connection': 'keep-alive'} 
 body=None 
 </msg>
<msg time="2024-02-11T21:01:34.977604" level="INFO">GET Response : url=https://restful-booker.herokuapp.com/booking/353 
 status=200, reason=OK 
 headers={'Server': 'Cowboy', 'Report-To': '{"group":"heroku-nel","max_age":3600,"endpoints":[{"url":"https://nel.heroku.com/reports?ts=1707685288&amp;sid=c46efe9b-d3d2-4a0c-8c76-bfafa16c5add&amp;s=oli9J4GuSnRlr37MXWBhJ%2BN7oU3w%2B300O2q1%2BQ%2FR%2BF0%3D"}]}', 'Reporting-Endpoints': 'heroku-nel=https://nel.heroku.com/reports?ts=1707685288&amp;sid=c46efe9b-d3d2-4a0c-8c76-bfafa16c5add&amp;s=oli9J4GuSnRlr37MXWBhJ%2BN7oU3w%2B300O2q1%2BQ%2FR%2BF0%3D', 'Nel': '{"report_to":"heroku-nel","max_age":3600,"success_fraction":0.005,"failure_fraction":0.05,"response_headers":["Via"]}', 'Connection': 'keep-alive', 'X-Powered-By': 'Express', 'Content-Type': 'application/json; charset=utf-8', 'Content-Length': '169', 'Etag': 'W/"a9-pLno4M4jARCCH8k0BsLT0ALMqUE"', 'Date': 'Sun, 11 Feb 2024 21:01:28 GMT', 'Via': '1.1 vegur'} 
 body={"firstname":"John","lastname":"Smith","totalprice":111,"depositpaid":true,"bookingdates":{"checkin":"2018-01-01","checkout":"2019-01-01"},"additionalneeds":"Breakfast"} 
 </msg>
<msg time="2024-02-11T21:01:34.977604" level="INFO">${response} = &lt;Response [200]&gt;</msg>
<var>${response}</var>
<arg>url=${BASE_URL}/booking/${id}</arg>
<doc>Sends a GET request.</doc>
<status status="PASS" start="2024-02-11T21:01:34.525080" elapsed="0.452524"/>
</kw>
<return>
<value>${response}</value>
<status status="PASS" start="2024-02-11T21:01:34.977604" elapsed="0.001994"/>
</return>
<msg time="2024-02-11T21:01:34.980112" level="INFO">${response} = &lt;Response [200]&gt;</msg>
<var>${response}</var>
<status status="PASS" start="2024-02-11T21:01:34.524080" elapsed="0.457050"/>
</kw>
<kw name="Change DepositPaid" owner="common">
<kw name="Convert To Boolean" owner="BuiltIn">
<msg time="2024-02-11T21:01:34.986759" level="INFO">${depositpaid} = True</msg>
<var>${depositpaid}</var>
<arg>${response.json()}[depositpaid]</arg>
<doc>Converts the given item to Boolean true or false.</doc>
<status status="PASS" start="2024-02-11T21:01:34.985281" elapsed="0.002588"/>
</kw>
<kw name="Set Variable If" owner="BuiltIn">
<msg time="2024-02-11T21:01:34.989861" level="INFO">${depositpaid} = False</msg>
<var>${depositpaid}</var>
<arg>${depositpaid}==${True}</arg>
<arg>${False}</arg>
<arg>${True}</arg>
<doc>Sets variable based on the given condition.</doc>
<status status="PASS" start="2024-02-11T21:01:34.987869" elapsed="0.002905"/>
</kw>
<kw name="Create Dictionary" owner="BuiltIn">
<msg time="2024-02-11T21:01:34.992782" level="INFO">${body} = {'depositpaid': False}</msg>
<var>${body}</var>
<arg>depositpaid=${depositpaid}</arg>
<doc>Creates and returns a dictionary based on the given ``items``.</doc>
<status status="PASS" start="2024-02-11T21:01:34.990774" elapsed="0.002008"/>
</kw>
<return>
<value>${body}</value>
<status status="PASS" start="2024-02-11T21:01:34.992782" elapsed="0.001004"/>
</return>
<msg time="2024-02-11T21:01:34.994887" level="INFO">${body} = {'depositpaid': False}</msg>
<var>${body}</var>
<arg>${response}</arg>
<status status="PASS" start="2024-02-11T21:01:34.983283" elapsed="0.011604"/>
</kw>
<kw name="PATCH /booking/${id}" owner="common" source_name="PATCH /booking/${id}">
<kw name="Create Dictionary" owner="BuiltIn">
<msg time="2024-02-11T21:01:35.001947" level="INFO">${headers} = {'Cookie': 'token=7464a17f01ccf9a'}</msg>
<var>${headers}</var>
<arg>Cookie=token\=${TOKEN}</arg>
<doc>Creates and returns a dictionary based on the given ``items``.</doc>
<status status="PASS" start="2024-02-11T21:01:35.000857" elapsed="0.001090"/>
</kw>
<kw name="PATCH" owner="RequestsLibrary">
<msg time="2024-02-11T21:01:35.459188" level="INFO">PATCH Request : url=https://restful-booker.herokuapp.com/booking/353 
 path_url=/booking/353 
 headers={'User-Agent': 'python-requests/2.31.0', 'Accept-Encoding': 'gzip, deflate', 'Accept': '*/*', 'Connection': 'keep-alive', 'Cookie': 'token=7464a17f01ccf9a', 'Content-Length': '22', 'Content-Type': 'application/json'} 
 body=b'{"depositpaid": false}' 
 </msg>
<msg time="2024-02-11T21:01:35.460088" level="INFO">PATCH Response : url=https://restful-booker.herokuapp.com/booking/353 
 status=200, reason=OK 
 headers={'Server': 'Cowboy', 'Report-To': '{"group":"heroku-nel","max_age":3600,"endpoints":[{"url":"https://nel.heroku.com/reports?ts=1707685288&amp;sid=c46efe9b-d3d2-4a0c-8c76-bfafa16c5add&amp;s=oli9J4GuSnRlr37MXWBhJ%2BN7oU3w%2B300O2q1%2BQ%2FR%2BF0%3D"}]}', 'Reporting-Endpoints': 'heroku-nel=https://nel.heroku.com/reports?ts=1707685288&amp;sid=c46efe9b-d3d2-4a0c-8c76-bfafa16c5add&amp;s=oli9J4GuSnRlr37MXWBhJ%2BN7oU3w%2B300O2q1%2BQ%2FR%2BF0%3D', 'Nel': '{"report_to":"heroku-nel","max_age":3600,"success_fraction":0.005,"failure_fraction":0.05,"response_headers":["Via"]}', 'Connection': 'keep-alive', 'X-Powered-By': 'Express', 'Content-Type': 'application/json; charset=utf-8', 'Content-Length': '170', 'Etag': 'W/"aa-adtYgwQKrPe+IpIANTcBYf+t7/M"', 'Date': 'Sun, 11 Feb 2024 21:01:28 GMT', 'Via': '1.1 vegur'} 
 body={"firstname":"John","lastname":"Smith","totalprice":111,"depositpaid":false,"bookingdates":{"checkin":"2018-01-01","checkout":"2019-01-01"},"additionalneeds":"Breakfast"} 
 </msg>
<msg time="2024-02-11T21:01:35.460088" level="INFO">${response} = &lt;Response [200]&gt;</msg>
<var>${response}</var>
<arg>url=${BASE_URL}/booking/${id}</arg>
<arg>json=${body}</arg>
<arg>headers=${headers}</arg>
<doc>Sends a PUT request.</doc>
<status status="PASS" start="2024-02-11T21:01:35.001947" elapsed="0.459141"/>
</kw>
<return>
<value>${response}</value>
<status status="PASS" start="2024-02-11T21:01:35.462090" elapsed="0.000000"/>
</return>
<arg>${body}</arg>
<status status="PASS" start="2024-02-11T21:01:34.998833" elapsed="0.464258"/>
</kw>
<kw name="Status Should Be" owner="RequestsLibrary">
<arg>200</arg>
<doc>Fails if response status code is different than the expected.</doc>
<status status="PASS" start="2024-02-11T21:01:35.467182" elapsed="0.000000"/>
</kw>
<kw name="Validate Json" owner="common">
<kw name="Validate Json By Schema File" owner="JSONLibrary">
<arg>${response.json()}</arg>
<arg>${CONTRACT_DIR}${/}${filename}</arg>
<doc>Validate json object by json schema file.
Arguments:
    - json_object: json as a dictionary object.
    - json_path: path to file with json schema</doc>
<status status="PASS" start="2024-02-11T21:01:35.470201" elapsed="0.003997"/>
</kw>
<arg>${response}</arg>
<arg>PartialUpdateBooking.json</arg>
<status status="PASS" start="2024-02-11T21:01:35.469202" elapsed="0.004996"/>
</kw>
<kw name="GET /booking/${id}" owner="common" source_name="GET /booking/${id}">
<kw name="GET" owner="RequestsLibrary">
<msg time="2024-02-11T21:01:35.925891" level="INFO">GET Request : url=https://restful-booker.herokuapp.com/booking/353 
 path_url=/booking/353 
 headers={'User-Agent': 'python-requests/2.31.0', 'Accept-Encoding': 'gzip, deflate', 'Accept': '*/*', 'Connection': 'keep-alive'} 
 body=None 
 </msg>
<msg time="2024-02-11T21:01:35.925891" level="INFO">GET Response : url=https://restful-booker.herokuapp.com/booking/353 
 status=200, reason=OK 
 headers={'Server': 'Cowboy', 'Report-To': '{"group":"heroku-nel","max_age":3600,"endpoints":[{"url":"https://nel.heroku.com/reports?ts=1707685289&amp;sid=c46efe9b-d3d2-4a0c-8c76-bfafa16c5add&amp;s=thdj60qP6GOLYvzOZyL%2FYLEZggvbgRcWZXUIK0pilLY%3D"}]}', 'Reporting-Endpoints': 'heroku-nel=https://nel.heroku.com/reports?ts=1707685289&amp;sid=c46efe9b-d3d2-4a0c-8c76-bfafa16c5add&amp;s=thdj60qP6GOLYvzOZyL%2FYLEZggvbgRcWZXUIK0pilLY%3D', 'Nel': '{"report_to":"heroku-nel","max_age":3600,"success_fraction":0.005,"failure_fraction":0.05,"response_headers":["Via"]}', 'Connection': 'keep-alive', 'X-Powered-By': 'Express', 'Content-Type': 'application/json; charset=utf-8', 'Content-Length': '170', 'Etag': 'W/"aa-adtYgwQKrPe+IpIANTcBYf+t7/M"', 'Date': 'Sun, 11 Feb 2024 21:01:29 GMT', 'Via': '1.1 vegur'} 
 body={"firstname":"John","lastname":"Smith","totalprice":111,"depositpaid":false,"bookingdates":{"checkin":"2018-01-01","checkout":"2019-01-01"},"additionalneeds":"Breakfast"} 
 </msg>
<msg time="2024-02-11T21:01:35.931907" level="INFO">${response} = &lt;Response [200]&gt;</msg>
<var>${response}</var>
<arg>url=${BASE_URL}/booking/${id}</arg>
<doc>Sends a GET request.</doc>
<status status="PASS" start="2024-02-11T21:01:35.476232" elapsed="0.456721"/>
</kw>
<return>
<value>${response}</value>
<status status="PASS" start="2024-02-11T21:01:35.932953" elapsed="0.001013"/>
</return>
<msg time="2024-02-11T21:01:35.937964" level="INFO">${response} = &lt;Response [200]&gt;</msg>
<var>${response}</var>
<status status="PASS" start="2024-02-11T21:01:35.475112" elapsed="0.462852"/>
</kw>
<kw name="Status Should Be" owner="RequestsLibrary">
<arg>200</arg>
<doc>Fails if response status code is different than the expected.</doc>
<status status="PASS" start="2024-02-11T21:01:35.939689" elapsed="0.001052"/>
</kw>
<kw name="Dictionary Should Contain Sub Dictionary" owner="Collections">
<msg time="2024-02-11T21:01:35.943789" level="INFO">False</msg>
<arg>${response.json()}</arg>
<arg>${body}</arg>
<doc>Fails unless all items in ``dict2`` are found from ``dict1``.</doc>
<status status="PASS" start="2024-02-11T21:01:35.941696" elapsed="0.002093"/>
</kw>
<status status="PASS" start="2024-02-11T21:01:33.315834" elapsed="2.629855"/>
</test>
<status status="PASS" start="2024-02-11T21:01:33.112457" elapsed="2.838581"/>
</suite>
<status status="PASS" start="2024-02-11T21:01:33.081456" elapsed="2.872582"/>
</suite>
<statistics>
<total>
<stat pass="1" fail="0" skip="0">All Tests</stat>
</total>
<tag>
</tag>
<suite>
<stat pass="1" fail="0" skip="0" id="s1" name="AutomatizaTestesAPI">AutomatizaTestesAPI</stat>
<stat pass="1" fail="0" skip="0" id="s1-s1" name="Booking">AutomatizaTestesAPI.Booking</stat>
</suite>
</statistics>
<errors>
</errors>
</robot>
